# JRE version: Java(TM) SE Runtime Environment (8.0_45-b14) (build 1.8.0_45-b14)
# Java VM: Java HotSpot(TM) 64-Bit Server VM (25.45-b02 mixed mode linux-amd64 compressed oops)
Heap:
 PSYoungGen      total 650240K, used 530718K [0x000000076c800000, 0x00000007a4380000, 0x00000007c0000000)
  eden space 642048K, 82% used [0x000000076c800000,0x000000078cda9410,0x0000000793b00000)
  from space 8192K, 7% used [0x0000000793b00000,0x0000000793b9e660,0x0000000794300000)
  to   space 8192K, 0% used [0x00000007a3b80000,0x00000007a3b80000,0x00000007a4380000)
 ParOldGen       total 76800K, used 6923K [0x00000006c5800000, 0x00000006ca300000, 0x000000076c800000)
  object space 76800K, 9% used [0x00000006c5800000,0x00000006c5ec2c30,0x00000006ca300000)
 Metaspace       used 24170K, capacity 24396K, committed 24704K, reserved 1071104K
  class space    used 3060K, capacity 3171K, committed 3200K, reserved 1048576K
GC Heap History (10 events):
Event: 2.494 GC heap before
{Heap before GC invocations=8 (full 1):
 PSYoungGen      total 241664K, used 241453K [0x000000076c800000, 0x000000077cc00000, 0x00000007c0000000)
  eden space 241152K, 100% used [0x000000076c800000,0x000000077b380000,0x000000077b380000)
  from space 512K, 58% used [0x000000077cb80000,0x000000077cbcb690,0x000000077cc00000)
  to   space 8704K, 0% used [0x000000077bb00000,0x000000077bb00000,0x000000077c380000)
 ParOldGen       total 76800K, used 4814K [0x00000006c5800000, 0x00000006ca300000, 0x000000076c800000)
  object space 76800K, 6% used [0x00000006c5800000,0x00000006c5cb3a98,0x00000006ca300000)
 Metaspace       used 20740K, capacity 20972K, committed 21504K, reserved 1069056K
  class space    used 2593K, capacity 2691K, committed 2816K, reserved 1048576K
Event: 2.497 GC heap after
Heap after GC invocations=8 (full 1):
 PSYoungGen      total 257536K, used 467K [0x000000076c800000, 0x0000000788980000, 0x00000007c0000000)
  eden space 248832K, 0% used [0x000000076c800000,0x000000076c800000,0x000000077bb00000)
  from space 8704K, 5% used [0x000000077bb00000,0x000000077bb74f38,0x000000077c380000)
  to   space 8704K, 0% used [0x0000000788100000,0x0000000788100000,0x0000000788980000)
 ParOldGen       total 76800K, used 4822K [0x00000006c5800000, 0x00000006ca300000, 0x000000076c800000)
  object space 76800K, 6% used [0x00000006c5800000,0x00000006c5cb5a98,0x00000006ca300000)
 Metaspace       used 20740K, capacity 20972K, committed 21504K, reserved 1069056K
  class space    used 2593K, capacity 2691K, committed 2816K, reserved 1048576K
}
Event: 2.638 GC heap before
{Heap before GC invocations=9 (full 1):
 PSYoungGen      total 257536K, used 249038K [0x000000076c800000, 0x0000000788980000, 0x00000007c0000000)
  eden space 248832K, 99% used [0x000000076c800000,0x000000077babeb50,0x000000077bb00000)
  from space 8704K, 5% used [0x000000077bb00000,0x000000077bb74f38,0x000000077c380000)
  to   space 8704K, 0% used [0x0000000788100000,0x0000000788100000,0x0000000788980000)
 ParOldGen       total 76800K, used 4822K [0x00000006c5800000, 0x00000006ca300000, 0x000000076c800000)
  object space 76800K, 6% used [0x00000006c5800000,0x00000006c5cb5a98,0x00000006ca300000)
 Metaspace       used 20740K, capacity 20972K, committed 21504K, reserved 1069056K
  class space    used 2593K, capacity 2691K, committed 2816K, reserved 1048576K
Event: 2.642 GC heap after
Heap after GC invocations=9 (full 1):
 PSYoungGen      total 451584K, used 1455K [0x000000076c800000, 0x0000000789000000, 0x00000007c0000000)
  eden space 442880K, 0% used [0x000000076c800000,0x000000076c800000,0x0000000787880000)
  from space 8704K, 16% used [0x0000000788100000,0x000000078826bdb8,0x0000000788980000)
  to   space 8704K, 0% used [0x0000000787880000,0x0000000787880000,0x0000000788100000)
 ParOldGen       total 76800K, used 4822K [0x00000006c5800000, 0x00000006ca300000, 0x000000076c800000)
  object space 76800K, 6% used [0x00000006c5800000,0x00000006c5cb5a98,0x00000006ca300000)
 Metaspace       used 20740K, capacity 20972K, committed 21504K, reserved 1069056K
  class space    used 2593K, capacity 2691K, committed 2816K, reserved 1048576K
}
Event: 2.896 GC heap before
{Heap before GC invocations=10 (full 1):
 PSYoungGen      total 451584K, used 444335K [0x000000076c800000, 0x0000000789000000, 0x00000007c0000000)
  eden space 442880K, 100% used [0x000000076c800000,0x0000000787880000,0x0000000787880000)
  from space 8704K, 16% used [0x0000000788100000,0x000000078826bdb8,0x0000000788980000)
  to   space 8704K, 0% used [0x0000000787880000,0x0000000787880000,0x0000000788100000)
 ParOldGen       total 76800K, used 4822K [0x00000006c5800000, 0x00000006ca300000, 0x000000076c800000)
  object space 76800K, 6% used [0x00000006c5800000,0x00000006c5cb5a98,0x00000006ca300000)
 Metaspace       used 20741K, capacity 20972K, committed 21504K, reserved 1069056K
  class space    used 2594K, capacity 2691K, committed 2816K, reserved 1048576K
Event: 2.900 GC heap after
Heap after GC invocations=10 (full 1):
 PSYoungGen      total 451584K, used 1058K [0x000000076c800000, 0x0000000795000000, 0x00000007c0000000)
  eden space 442880K, 0% used [0x000000076c800000,0x000000076c800000,0x0000000787880000)
  from space 8704K, 12% used [0x0000000787880000,0x0000000787988978,0x0000000788100000)
  to   space 8704K, 0% used [0x0000000794780000,0x0000000794780000,0x0000000795000000)
 ParOldGen       total 76800K, used 4902K [0x00000006c5800000, 0x00000006ca300000, 0x000000076c800000)
  object space 76800K, 6% used [0x00000006c5800000,0x00000006c5cc9aa8,0x00000006ca300000)
 Metaspace       used 20741K, capacity 20972K, committed 21504K, reserved 1069056K
  class space    used 2594K, capacity 2691K, committed 2816K, reserved 1048576K
}
Event: 3.094 GC heap before
{Heap before GC invocations=11 (full 1):
 PSYoungGen      total 451584K, used 443938K [0x000000076c800000, 0x0000000795000000, 0x00000007c0000000)
  eden space 442880K, 100% used [0x000000076c800000,0x0000000787880000,0x0000000787880000)
  from space 8704K, 12% used [0x0000000787880000,0x0000000787988978,0x0000000788100000)
  to   space 8704K, 0% used [0x0000000794780000,0x0000000794780000,0x0000000795000000)
 ParOldGen       total 76800K, used 4902K [0x00000006c5800000, 0x00000006ca300000, 0x000000076c800000)
  object space 76800K, 6% used [0x00000006c5800000,0x00000006c5cc9aa8,0x00000006ca300000)
 Metaspace       used 20742K, capacity 20972K, committed 21504K, reserved 1069056K
  class space    used 2594K, capacity 2691K, committed 2816K, reserved 1048576K
Event: 3.098 GC heap after
Heap after GC invocations=11 (full 1):
 PSYoungGen      total 640000K, used 3268K [0x000000076c800000, 0x0000000794b00000, 0x00000007c0000000)
  eden space 636416K, 0% used [0x000000076c800000,0x000000076c800000,0x0000000793580000)
  from space 3584K, 91% used [0x0000000794780000,0x0000000794ab1300,0x0000000794b00000)
  to   space 8192K, 0% used [0x0000000793b00000,0x0000000793b00000,0x0000000794300000)
 ParOldGen       total 76800K, used 5054K [0x00000006c5800000, 0x00000006ca300000, 0x000000076c800000)
  object space 76800K, 6% used [0x00000006c5800000,0x00000006c5cefab0,0x00000006ca300000)
 Metaspace       used 20742K, capacity 20972K, committed 21504K, reserved 1069056K
  class space    used 2594K, capacity 2691K, committed 2816K, reserved 1048576K
}
Event: 3.392 GC heap before
{Heap before GC invocations=12 (full 1):
 PSYoungGen      total 640000K, used 639684K [0x000000076c800000, 0x0000000794b00000, 0x00000007c0000000)
  eden space 636416K, 100% used [0x000000076c800000,0x0000000793580000,0x0000000793580000)
  from space 3584K, 91% used [0x0000000794780000,0x0000000794ab1300,0x0000000794b00000)
  to   space 8192K, 0% used [0x0000000793b00000,0x0000000793b00000,0x0000000794300000)
 ParOldGen       total 76800K, used 5054K [0x00000006c5800000, 0x00000006ca300000, 0x000000076c800000)
  object space 76800K, 6% used [0x00000006c5800000,0x00000006c5cefab0,0x00000006ca300000)
 Metaspace       used 20762K, capacity 21036K, committed 21504K, reserved 1069056K
  class space    used 2594K, capacity 2691K, committed 2816K, reserved 1048576K
Event: 3.396 GC heap after
Heap after GC invocations=12 (full 1):
 PSYoungGen      total 650240K, used 633K [0x000000076c800000, 0x00000007a4380000, 0x00000007c0000000)
  eden space 642048K, 0% used [0x000000076c800000,0x000000076c800000,0x0000000793b00000)
  from space 8192K, 7% used [0x0000000793b00000,0x0000000793b9e660,0x0000000794300000)
  to   space 8192K, 0% used [0x00000007a3b80000,0x00000007a3b80000,0x00000007a4380000)
 ParOldGen       total 76800K, used 6923K [0x00000006c5800000, 0x00000006ca300000, 0x000000076c800000)
  object space 76800K, 9% used [0x00000006c5800000,0x00000006c5ec2c30,0x00000006ca300000)
 Metaspace       used 20762K, capacity 21036K, committed 21504K, reserved 1069056K
  class space    used 2594K, capacity 2691K, committed 2816K, reserved 1048576K
}

