# JRE version: Java(TM) SE Runtime Environment (8.0_45-b14) (build 1.8.0_45-b14)
# Java VM: Java HotSpot(TM) 64-Bit Server VM (25.45-b02 mixed mode linux-amd64 compressed oops)
Heap:
 PSYoungGen      total 768512K, used 461327K [0x000000076c800000, 0x00000007ad480000, 0x00000007c0000000)
  eden space 759808K, 60% used [0x000000076c800000,0x00000007888d75b8,0x000000079ae00000)
  from space 8704K, 19% used [0x000000079ae00000,0x000000079afac950,0x000000079b680000)
  to   space 8704K, 0% used [0x00000007acc00000,0x00000007acc00000,0x00000007ad480000)
 ParOldGen       total 84480K, used 5048K [0x00000006c5800000, 0x00000006caa80000, 0x000000076c800000)
  object space 84480K, 5% used [0x00000006c5800000,0x00000006c5cee160,0x00000006caa80000)
 Metaspace       used 24414K, capacity 24652K, committed 24960K, reserved 1071104K
  class space    used 3077K, capacity 3171K, committed 3200K, reserved 1048576K
GC Heap History (10 events):
Event: 2.391 GC heap before
{Heap before GC invocations=6 (full 1):
 PSYoungGen      total 268800K, used 5088K [0x000000076c800000, 0x000000078cf00000, 0x00000007c0000000)
  eden space 258048K, 0% used [0x000000076c800000,0x000000076c800000,0x000000077c400000)
  from space 10752K, 47% used [0x000000077c400000,0x000000077c8f81d8,0x000000077ce80000)
  to   space 7680K, 0% used [0x000000078c780000,0x000000078c780000,0x000000078cf00000)
 ParOldGen       total 172032K, used 56K [0x00000006c5800000, 0x00000006d0000000, 0x000000076c800000)
  object space 172032K, 0% used [0x00000006c5800000,0x00000006c580e000,0x00000006d0000000)
 Metaspace       used 20669K, capacity 20908K, committed 21248K, reserved 1067008K
  class space    used 2594K, capacity 2691K, committed 2816K, reserved 1048576K
Event: 2.435 GC heap after
Heap after GC invocations=6 (full 1):
 PSYoungGen      total 268800K, used 0K [0x000000076c800000, 0x000000078cf00000, 0x00000007c0000000)
  eden space 258048K, 0% used [0x000000076c800000,0x000000076c800000,0x000000077c400000)
  from space 10752K, 0% used [0x000000077c400000,0x000000077c400000,0x000000077ce80000)
  to   space 7680K, 0% used [0x000000078c780000,0x000000078c780000,0x000000078cf00000)
 ParOldGen       total 84480K, used 4968K [0x00000006c5800000, 0x00000006caa80000, 0x000000076c800000)
  object space 84480K, 5% used [0x00000006c5800000,0x00000006c5cda160,0x00000006caa80000)
 Metaspace       used 20669K, capacity 20908K, committed 21248K, reserved 1067008K
  class space    used 2594K, capacity 2691K, committed 2816K, reserved 1048576K
}
Event: 2.629 GC heap before
{Heap before GC invocations=7 (full 1):
 PSYoungGen      total 268800K, used 258048K [0x000000076c800000, 0x000000078cf00000, 0x00000007c0000000)
  eden space 258048K, 100% used [0x000000076c800000,0x000000077c400000,0x000000077c400000)
  from space 10752K, 0% used [0x000000077c400000,0x000000077c400000,0x000000077ce80000)
  to   space 7680K, 0% used [0x000000078c780000,0x000000078c780000,0x000000078cf00000)
 ParOldGen       total 84480K, used 4968K [0x00000006c5800000, 0x00000006caa80000, 0x000000076c800000)
  object space 84480K, 5% used [0x00000006c5800000,0x00000006c5cda160,0x00000006caa80000)
 Metaspace       used 20669K, capacity 20908K, committed 21248K, reserved 1067008K
  class space    used 2594K, capacity 2691K, committed 2816K, reserved 1048576K
Event: 2.632 GC heap after
Heap after GC invocations=7 (full 1):
 PSYoungGen      total 450048K, used 1726K [0x000000076c800000, 0x000000078c980000, 0x00000007c0000000)
  eden space 448000K, 0% used [0x000000076c800000,0x000000076c800000,0x0000000787d80000)
  from space 2048K, 84% used [0x000000078c780000,0x000000078c92fb28,0x000000078c980000)
  to   space 8192K, 0% used [0x000000078b980000,0x000000078b980000,0x000000078c180000)
 ParOldGen       total 84480K, used 4968K [0x00000006c5800000, 0x00000006caa80000, 0x000000076c800000)
  object space 84480K, 5% used [0x00000006c5800000,0x00000006c5cda160,0x00000006caa80000)
 Metaspace       used 20669K, capacity 20908K, committed 21248K, reserved 1067008K
  class space    used 2594K, capacity 2691K, committed 2816K, reserved 1048576K
}
Event: 2.892 GC heap before
{Heap before GC invocations=8 (full 1):
 PSYoungGen      total 450048K, used 449523K [0x000000076c800000, 0x000000078c980000, 0x00000007c0000000)
  eden space 448000K, 99% used [0x000000076c800000,0x0000000787d4d410,0x0000000787d80000)
  from space 2048K, 84% used [0x000000078c780000,0x000000078c92fb28,0x000000078c980000)
  to   space 8192K, 0% used [0x000000078b980000,0x000000078b980000,0x000000078c180000)
 ParOldGen       total 84480K, used 4968K [0x00000006c5800000, 0x00000006caa80000, 0x000000076c800000)
  object space 84480K, 5% used [0x00000006c5800000,0x00000006c5cda160,0x00000006caa80000)
 Metaspace       used 20672K, capacity 20972K, committed 21504K, reserved 1069056K
  class space    used 2594K, capacity 2691K, committed 2816K, reserved 1048576K
Event: 2.896 GC heap after
Heap after GC invocations=8 (full 1):
 PSYoungGen      total 517632K, used 998K [0x000000076c800000, 0x000000079bf00000, 0x00000007c0000000)
  eden space 509440K, 0% used [0x000000076c800000,0x000000076c800000,0x000000078b980000)
  from space 8192K, 12% used [0x000000078b980000,0x000000078ba79ac8,0x000000078c180000)
  to   space 8704K, 0% used [0x000000079b680000,0x000000079b680000,0x000000079bf00000)
 ParOldGen       total 84480K, used 4968K [0x00000006c5800000, 0x00000006caa80000, 0x000000076c800000)
  object space 84480K, 5% used [0x00000006c5800000,0x00000006c5cda160,0x00000006caa80000)
 Metaspace       used 20672K, capacity 20972K, committed 21504K, reserved 1069056K
  class space    used 2594K, capacity 2691K, committed 2816K, reserved 1048576K
}
Event: 3.157 GC heap before
{Heap before GC invocations=9 (full 1):
 PSYoungGen      total 517632K, used 510438K [0x000000076c800000, 0x000000079bf00000, 0x00000007c0000000)
  eden space 509440K, 100% used [0x000000076c800000,0x000000078b980000,0x000000078b980000)
  from space 8192K, 12% used [0x000000078b980000,0x000000078ba79ac8,0x000000078c180000)
  to   space 8704K, 0% used [0x000000079b680000,0x000000079b680000,0x000000079bf00000)
 ParOldGen       total 84480K, used 4968K [0x00000006c5800000, 0x00000006caa80000, 0x000000076c800000)
  object space 84480K, 5% used [0x00000006c5800000,0x00000006c5cda160,0x00000006caa80000)
 Metaspace       used 20753K, capacity 21036K, committed 21504K, reserved 1069056K
  class space    used 2594K, capacity 2691K, committed 2816K, reserved 1048576K
Event: 3.160 GC heap after
Heap after GC invocations=9 (full 1):
 PSYoungGen      total 768512K, used 1639K [0x000000076c800000, 0x00000007a0e80000, 0x00000007c0000000)
  eden space 759808K, 0% used [0x000000076c800000,0x000000076c800000,0x000000079ae00000)
  from space 8704K, 18% used [0x000000079b680000,0x000000079b819d18,0x000000079bf00000)
  to   space 8704K, 0% used [0x000000079ae00000,0x000000079ae00000,0x000000079b680000)
 ParOldGen       total 84480K, used 4976K [0x00000006c5800000, 0x00000006caa80000, 0x000000076c800000)
  object space 84480K, 5% used [0x00000006c5800000,0x00000006c5cdc160,0x00000006caa80000)
 Metaspace       used 20753K, capacity 21036K, committed 21504K, reserved 1069056K
  class space    used 2594K, capacity 2691K, committed 2816K, reserved 1048576K
}
Event: 3.561 GC heap before
{Heap before GC invocations=10 (full 1):
 PSYoungGen      total 768512K, used 761447K [0x000000076c800000, 0x00000007a0e80000, 0x00000007c0000000)
  eden space 759808K, 100% used [0x000000076c800000,0x000000079ae00000,0x000000079ae00000)
  from space 8704K, 18% used [0x000000079b680000,0x000000079b819d18,0x000000079bf00000)
  to   space 8704K, 0% used [0x000000079ae00000,0x000000079ae00000,0x000000079b680000)
 ParOldGen       total 84480K, used 4976K [0x00000006c5800000, 0x00000006caa80000, 0x000000076c800000)
  object space 84480K, 5% used [0x00000006c5800000,0x00000006c5cdc160,0x00000006caa80000)
 Metaspace       used 20817K, capacity 21100K, committed 21504K, reserved 1069056K
  class space    used 2594K, capacity 2691K, committed 2816K, reserved 1048576K
Event: 3.569 GC heap after
Heap after GC invocations=10 (full 1):
 PSYoungGen      total 768512K, used 1714K [0x000000076c800000, 0x00000007ad480000, 0x00000007c0000000)
  eden space 759808K, 0% used [0x000000076c800000,0x000000076c800000,0x000000079ae00000)
  from space 8704K, 19% used [0x000000079ae00000,0x000000079afac950,0x000000079b680000)
  to   space 8704K, 0% used [0x00000007acc00000,0x00000007acc00000,0x00000007ad480000)
 ParOldGen       total 84480K, used 5048K [0x00000006c5800000, 0x00000006caa80000, 0x000000076c800000)
  object space 84480K, 5% used [0x00000006c5800000,0x00000006c5cee160,0x00000006caa80000)
 Metaspace       used 20817K, capacity 21100K, committed 21504K, reserved 1069056K
  class space    used 2594K, capacity 2691K, committed 2816K, reserved 1048576K
}

