# JRE version: Java(TM) SE Runtime Environment (8.0_45-b14) (build 1.8.0_45-b14)
# Java VM: Java HotSpot(TM) 64-Bit Server VM (25.45-b02 mixed mode linux-amd64 compressed oops)
Heap:
 PSYoungGen      total 851456K, used 402112K [0x000000076c800000, 0x00000007a1d80000, 0x00000007c0000000)
  eden space 850432K, 47% used [0x000000076c800000,0x0000000784fe9328,0x00000007a0680000)
  from space 1024K, 77% used [0x00000007a1c80000,0x00000007a1d46e30,0x00000007a1d80000)
  to   space 8192K, 0% used [0x00000007a0d80000,0x00000007a0d80000,0x00000007a1580000)
 ParOldGen       total 77824K, used 6150K [0x00000006c5800000, 0x00000006ca400000, 0x000000076c800000)
  object space 77824K, 7% used [0x00000006c5800000,0x00000006c5e01ad0,0x00000006ca400000)
 Metaspace       used 27492K, capacity 27686K, committed 28160K, reserved 1073152K
  class space    used 3376K, capacity 3460K, committed 3584K, reserved 1048576K
GC Heap History (10 events):
Event: 3.116 GC heap before
{Heap before GC invocations=9 (full 1):
 PSYoungGen      total 257536K, used 249633K [0x000000076c800000, 0x0000000788180000, 0x00000007c0000000)
  eden space 248832K, 100% used [0x000000076c800000,0x000000077bb00000,0x000000077bb00000)
  from space 8704K, 9% used [0x000000077bb00000,0x000000077bbc8470,0x000000077c380000)
  to   space 8704K, 0% used [0x0000000787900000,0x0000000787900000,0x0000000788180000)
 ParOldGen       total 77824K, used 4816K [0x00000006c5800000, 0x00000006ca400000, 0x000000076c800000)
  object space 77824K, 6% used [0x00000006c5800000,0x00000006c5cb41f0,0x00000006ca400000)
 Metaspace       used 20686K, capacity 20960K, committed 21504K, reserved 1069056K
  class space    used 2590K, capacity 2691K, committed 2816K, reserved 1048576K
Event: 3.119 GC heap after
Heap after GC invocations=9 (full 1):
 PSYoungGen      total 443392K, used 974K [0x000000076c800000, 0x0000000788a00000, 0x00000007c0000000)
  eden space 434688K, 0% used [0x000000076c800000,0x000000076c800000,0x0000000787080000)
  from space 8704K, 11% used [0x0000000787900000,0x00000007879f39b0,0x0000000788180000)
  to   space 8704K, 0% used [0x0000000787080000,0x0000000787080000,0x0000000787900000)
 ParOldGen       total 77824K, used 4816K [0x00000006c5800000, 0x00000006ca400000, 0x000000076c800000)
  object space 77824K, 6% used [0x00000006c5800000,0x00000006c5cb41f0,0x00000006ca400000)
 Metaspace       used 20686K, capacity 20960K, committed 21504K, reserved 1069056K
  class space    used 2590K, capacity 2691K, committed 2816K, reserved 1048576K
}
Event: 3.333 GC heap before
{Heap before GC invocations=10 (full 1):
 PSYoungGen      total 443392K, used 435662K [0x000000076c800000, 0x0000000788a00000, 0x00000007c0000000)
  eden space 434688K, 100% used [0x000000076c800000,0x0000000787080000,0x0000000787080000)
  from space 8704K, 11% used [0x0000000787900000,0x00000007879f39b0,0x0000000788180000)
  to   space 8704K, 0% used [0x0000000787080000,0x0000000787080000,0x0000000787900000)
 ParOldGen       total 77824K, used 4816K [0x00000006c5800000, 0x00000006ca400000, 0x000000076c800000)
  object space 77824K, 6% used [0x00000006c5800000,0x00000006c5cb41f0,0x00000006ca400000)
 Metaspace       used 20686K, capacity 20960K, committed 21504K, reserved 1069056K
  class space    used 2590K, capacity 2691K, committed 2816K, reserved 1048576K
Event: 3.336 GC heap after
Heap after GC invocations=10 (full 1):
 PSYoungGen      total 443392K, used 1058K [0x000000076c800000, 0x0000000793e00000, 0x00000007c0000000)
  eden space 434688K, 0% used [0x000000076c800000,0x000000076c800000,0x0000000787080000)
  from space 8704K, 12% used [0x0000000787080000,0x00000007871888e8,0x0000000787900000)
  to   space 8704K, 0% used [0x0000000793580000,0x0000000793580000,0x0000000793e00000)
 ParOldGen       total 77824K, used 4888K [0x00000006c5800000, 0x00000006ca400000, 0x000000076c800000)
  object space 77824K, 6% used [0x00000006c5800000,0x00000006c5cc6200,0x00000006ca400000)
 Metaspace       used 20686K, capacity 20960K, committed 21504K, reserved 1069056K
  class space    used 2590K, capacity 2691K, committed 2816K, reserved 1048576K
}
Event: 3.518 GC heap before
{Heap before GC invocations=11 (full 1):
 PSYoungGen      total 443392K, used 435746K [0x000000076c800000, 0x0000000793e00000, 0x00000007c0000000)
  eden space 434688K, 100% used [0x000000076c800000,0x0000000787080000,0x0000000787080000)
  from space 8704K, 12% used [0x0000000787080000,0x00000007871888e8,0x0000000787900000)
  to   space 8704K, 0% used [0x0000000793580000,0x0000000793580000,0x0000000793e00000)
 ParOldGen       total 77824K, used 4888K [0x00000006c5800000, 0x00000006ca400000, 0x000000076c800000)
  object space 77824K, 6% used [0x00000006c5800000,0x00000006c5cc6200,0x00000006ca400000)
 Metaspace       used 20686K, capacity 20960K, committed 21504K, reserved 1069056K
  class space    used 2590K, capacity 2691K, committed 2816K, reserved 1048576K
Event: 3.522 GC heap after
Heap after GC invocations=11 (full 1):
 PSYoungGen      total 621056K, used 1494K [0x000000076c800000, 0x0000000793700000, 0x00000007c0000000)
  eden space 619520K, 0% used [0x000000076c800000,0x000000076c800000,0x0000000792500000)
  from space 1536K, 97% used [0x0000000793580000,0x00000007936f5990,0x0000000793700000)
  to   space 8704K, 0% used [0x0000000792600000,0x0000000792600000,0x0000000792e80000)
 ParOldGen       total 77824K, used 5040K [0x00000006c5800000, 0x00000006ca400000, 0x000000076c800000)
  object space 77824K, 6% used [0x00000006c5800000,0x00000006c5cec208,0x00000006ca400000)
 Metaspace       used 20686K, capacity 20960K, committed 21504K, reserved 1069056K
  class space    used 2590K, capacity 2691K, committed 2816K, reserved 1048576K
}
Event: 3.785 GC heap before
{Heap before GC invocations=12 (full 1):
 PSYoungGen      total 621056K, used 621005K [0x000000076c800000, 0x0000000793700000, 0x00000007c0000000)
  eden space 619520K, 99% used [0x000000076c800000,0x00000007924fdcd8,0x0000000792500000)
  from space 1536K, 97% used [0x0000000793580000,0x00000007936f5990,0x0000000793700000)
  to   space 8704K, 0% used [0x0000000792600000,0x0000000792600000,0x0000000792e80000)
 ParOldGen       total 77824K, used 5040K [0x00000006c5800000, 0x00000006ca400000, 0x000000076c800000)
  object space 77824K, 6% used [0x00000006c5800000,0x00000006c5cec208,0x00000006ca400000)
 Metaspace       used 20698K, capacity 20960K, committed 21504K, reserved 1069056K
  class space    used 2590K, capacity 2691K, committed 2816K, reserved 1048576K
Event: 3.788 GC heap after
Heap after GC invocations=12 (full 1):
 PSYoungGen      total 629248K, used 664K [0x000000076c800000, 0x00000007a2500000, 0x00000007c0000000)
  eden space 620544K, 0% used [0x000000076c800000,0x000000076c800000,0x0000000792600000)
  from space 8704K, 7% used [0x0000000792600000,0x00000007926a6140,0x0000000792e80000)
  to   space 8704K, 0% used [0x00000007a1c80000,0x00000007a1c80000,0x00000007a2500000)
 ParOldGen       total 77824K, used 6062K [0x00000006c5800000, 0x00000006ca400000, 0x000000076c800000)
  object space 77824K, 7% used [0x00000006c5800000,0x00000006c5debad0,0x00000006ca400000)
 Metaspace       used 20698K, capacity 20960K, committed 21504K, reserved 1069056K
  class space    used 2590K, capacity 2691K, committed 2816K, reserved 1048576K
}
Event: 4.030 GC heap before
{Heap before GC invocations=13 (full 1):
 PSYoungGen      total 629248K, used 621208K [0x000000076c800000, 0x00000007a2500000, 0x00000007c0000000)
  eden space 620544K, 100% used [0x000000076c800000,0x0000000792600000,0x0000000792600000)
  from space 8704K, 7% used [0x0000000792600000,0x00000007926a6140,0x0000000792e80000)
  to   space 8704K, 0% used [0x00000007a1c80000,0x00000007a1c80000,0x00000007a2500000)
 ParOldGen       total 77824K, used 6062K [0x00000006c5800000, 0x00000006ca400000, 0x000000076c800000)
  object space 77824K, 7% used [0x00000006c5800000,0x00000006c5debad0,0x00000006ca400000)
 Metaspace       used 20764K, capacity 21024K, committed 21504K, reserved 1069056K
  class space    used 2590K, capacity 2691K, committed 2816K, reserved 1048576K
Event: 4.033 GC heap after
Heap after GC invocations=13 (full 1):
 PSYoungGen      total 851456K, used 795K [0x000000076c800000, 0x00000007a1d80000, 0x00000007c0000000)
  eden space 850432K, 0% used [0x000000076c800000,0x000000076c800000,0x00000007a0680000)
  from space 1024K, 77% used [0x00000007a1c80000,0x00000007a1d46e30,0x00000007a1d80000)
  to   space 8192K, 0% used [0x00000007a0d80000,0x00000007a0d80000,0x00000007a1580000)
 ParOldGen       total 77824K, used 6150K [0x00000006c5800000, 0x00000006ca400000, 0x000000076c800000)
  object space 77824K, 7% used [0x00000006c5800000,0x00000006c5e01ad0,0x00000006ca400000)
 Metaspace       used 20764K, capacity 21024K, committed 21504K, reserved 1069056K
  class space    used 2590K, capacity 2691K, committed 2816K, reserved 1048576K
}

