# JRE version: Java(TM) SE Runtime Environment (8.0_45-b14) (build 1.8.0_45-b14)
# Java VM: Java HotSpot(TM) 64-Bit Server VM (25.45-b02 mixed mode linux-amd64 compressed oops)
Heap:
 PSYoungGen      total 523776K, used 54808K [0x000000076c800000, 0x000000078d100000, 0x00000007c0000000)
  eden space 515584K, 10% used [0x000000076c800000,0x000000076fd863d0,0x000000078bf80000)
  from space 8192K, 0% used [0x000000078c800000,0x000000078c800000,0x000000078d000000)
  to   space 8704K, 0% used [0x000000078bf80000,0x000000078bf80000,0x000000078c800000)
 ParOldGen       total 84480K, used 5471K [0x00000006c5800000, 0x00000006caa80000, 0x000000076c800000)
  object space 84480K, 6% used [0x00000006c5800000,0x00000006c5d57fc8,0x00000006caa80000)
 Metaspace       used 25086K, capacity 25324K, committed 25728K, reserved 1071104K
  class space    used 3044K, capacity 3139K, committed 3200K, reserved 1048576K
GC Heap History (10 events):
Event: 4.888 GC heap before
{Heap before GC invocations=5 (full 0):
 PSYoungGen      total 139776K, used 133783K [0x000000076c800000, 0x0000000775b00000, 0x00000007c0000000)
  eden space 129024K, 100% used [0x000000076c800000,0x0000000774600000,0x0000000774600000)
  from space 10752K, 44% used [0x0000000775080000,0x0000000775525ff8,0x0000000775b00000)
  to   space 10752K, 0% used [0x0000000774600000,0x0000000774600000,0x0000000775080000)
 ParOldGen       total 172032K, used 56K [0x00000006c5800000, 0x00000006d0000000, 0x000000076c800000)
  object space 172032K, 0% used [0x00000006c5800000,0x00000006c580e000,0x00000006d0000000)
 Metaspace       used 20584K, capacity 20844K, committed 21248K, reserved 1067008K
  class space    used 2594K, capacity 2691K, committed 2816K, reserved 1048576K
Event: 4.923 GC heap after
Heap after GC invocations=5 (full 0):
 PSYoungGen      total 139776K, used 5029K [0x000000076c800000, 0x000000077d300000, 0x00000007c0000000)
  eden space 129024K, 0% used [0x000000076c800000,0x000000076c800000,0x0000000774600000)
  from space 10752K, 46% used [0x0000000774600000,0x0000000774ae96a8,0x0000000775080000)
  to   space 7680K, 0% used [0x000000077cb80000,0x000000077cb80000,0x000000077d300000)
 ParOldGen       total 172032K, used 64K [0x00000006c5800000, 0x00000006d0000000, 0x000000076c800000)
  object space 172032K, 0% used [0x00000006c5800000,0x00000006c5810000,0x00000006d0000000)
 Metaspace       used 20584K, capacity 20844K, committed 21248K, reserved 1067008K
  class space    used 2594K, capacity 2691K, committed 2816K, reserved 1048576K
}
Event: 5.146 GC heap before
{Heap before GC invocations=6 (full 0):
 PSYoungGen      total 139776K, used 133945K [0x000000076c800000, 0x000000077d300000, 0x00000007c0000000)
  eden space 129024K, 99% used [0x000000076c800000,0x00000007745e4eb8,0x0000000774600000)
  from space 10752K, 46% used [0x0000000774600000,0x0000000774ae96a8,0x0000000775080000)
  to   space 7680K, 0% used [0x000000077cb80000,0x000000077cb80000,0x000000077d300000)
 ParOldGen       total 172032K, used 64K [0x00000006c5800000, 0x00000006d0000000, 0x000000076c800000)
  object space 172032K, 0% used [0x00000006c5800000,0x00000006c5810000,0x00000006d0000000)
 Metaspace       used 20585K, capacity 20844K, committed 21248K, reserved 1067008K
  class space    used 2594K, capacity 2691K, committed 2816K, reserved 1048576K
Event: 5.167 GC heap after
Heap after GC invocations=6 (full 0):
 PSYoungGen      total 265728K, used 5057K [0x000000076c800000, 0x000000077d300000, 0x00000007c0000000)
  eden space 258048K, 0% used [0x000000076c800000,0x000000076c800000,0x000000077c400000)
  from space 7680K, 65% used [0x000000077cb80000,0x000000077d0707c8,0x000000077d300000)
  to   space 7680K, 0% used [0x000000077c400000,0x000000077c400000,0x000000077cb80000)
 ParOldGen       total 172032K, used 72K [0x00000006c5800000, 0x00000006d0000000, 0x000000076c800000)
  object space 172032K, 0% used [0x00000006c5800000,0x00000006c5812000,0x00000006d0000000)
 Metaspace       used 20585K, capacity 20844K, committed 21248K, reserved 1067008K
  class space    used 2594K, capacity 2691K, committed 2816K, reserved 1048576K
}
Event: 5.503 GC heap before
{Heap before GC invocations=7 (full 0):
 PSYoungGen      total 265728K, used 263105K [0x000000076c800000, 0x000000077d300000, 0x00000007c0000000)
  eden space 258048K, 100% used [0x000000076c800000,0x000000077c400000,0x000000077c400000)
  from space 7680K, 65% used [0x000000077cb80000,0x000000077d0707c8,0x000000077d300000)
  to   space 7680K, 0% used [0x000000077c400000,0x000000077c400000,0x000000077cb80000)
 ParOldGen       total 172032K, used 72K [0x00000006c5800000, 0x00000006d0000000, 0x000000076c800000)
  object space 172032K, 0% used [0x00000006c5800000,0x00000006c5812000,0x00000006d0000000)
 Metaspace       used 20591K, capacity 20844K, committed 21248K, reserved 1067008K
  class space    used 2594K, capacity 2691K, committed 2816K, reserved 1048576K
Event: 5.527 GC heap after
Heap after GC invocations=7 (full 0):
 PSYoungGen      total 265728K, used 1096K [0x000000076c800000, 0x000000078d000000, 0x00000007c0000000)
  eden space 258048K, 0% used [0x000000076c800000,0x000000076c800000,0x000000077c400000)
  from space 7680K, 14% used [0x000000077c400000,0x000000077c512020,0x000000077cb80000)
  to   space 8192K, 0% used [0x000000078c800000,0x000000078c800000,0x000000078d000000)
 ParOldGen       total 172032K, used 4500K [0x00000006c5800000, 0x00000006d0000000, 0x000000076c800000)
  object space 172032K, 2% used [0x00000006c5800000,0x00000006c5c651d8,0x00000006d0000000)
 Metaspace       used 20591K, capacity 20844K, committed 21248K, reserved 1067008K
  class space    used 2594K, capacity 2691K, committed 2816K, reserved 1048576K
}
Event: 6.246 GC heap before
{Heap before GC invocations=8 (full 0):
 PSYoungGen      total 265728K, used 188608K [0x000000076c800000, 0x000000078d000000, 0x00000007c0000000)
  eden space 258048K, 72% used [0x000000076c800000,0x0000000777f1e2c8,0x000000077c400000)
  from space 7680K, 14% used [0x000000077c400000,0x000000077c512020,0x000000077cb80000)
  to   space 8192K, 0% used [0x000000078c800000,0x000000078c800000,0x000000078d000000)
 ParOldGen       total 172032K, used 4500K [0x00000006c5800000, 0x00000006d0000000, 0x000000076c800000)
  object space 172032K, 2% used [0x00000006c5800000,0x00000006c5c651d8,0x00000006d0000000)
 Metaspace       used 20710K, capacity 20908K, committed 21248K, reserved 1067008K
  class space    used 2607K, capacity 2691K, committed 2816K, reserved 1048576K
Event: 6.255 GC heap after
Heap after GC invocations=8 (full 0):
 PSYoungGen      total 523776K, used 1109K [0x000000076c800000, 0x000000078d100000, 0x00000007c0000000)
  eden space 515584K, 0% used [0x000000076c800000,0x000000076c800000,0x000000078bf80000)
  from space 8192K, 13% used [0x000000078c800000,0x000000078c915730,0x000000078d000000)
  to   space 8704K, 0% used [0x000000078bf80000,0x000000078bf80000,0x000000078c800000)
 ParOldGen       total 172032K, used 4588K [0x00000006c5800000, 0x00000006d0000000, 0x000000076c800000)
  object space 172032K, 2% used [0x00000006c5800000,0x00000006c5c7b1d8,0x00000006d0000000)
 Metaspace       used 20710K, capacity 20908K, committed 21248K, reserved 1067008K
  class space    used 2607K, capacity 2691K, committed 2816K, reserved 1048576K
}
Event: 6.255 GC heap before
{Heap before GC invocations=9 (full 1):
 PSYoungGen      total 523776K, used 1109K [0x000000076c800000, 0x000000078d100000, 0x00000007c0000000)
  eden space 515584K, 0% used [0x000000076c800000,0x000000076c800000,0x000000078bf80000)
  from space 8192K, 13% used [0x000000078c800000,0x000000078c915730,0x000000078d000000)
  to   space 8704K, 0% used [0x000000078bf80000,0x000000078bf80000,0x000000078c800000)
 ParOldGen       total 172032K, used 4588K [0x00000006c5800000, 0x00000006d0000000, 0x000000076c800000)
  object space 172032K, 2% used [0x00000006c5800000,0x00000006c5c7b1d8,0x00000006d0000000)
 Metaspace       used 20710K, capacity 20908K, committed 21248K, reserved 1067008K
  class space    used 2607K, capacity 2691K, committed 2816K, reserved 1048576K
Event: 6.350 GC heap after
Heap after GC invocations=9 (full 1):
 PSYoungGen      total 523776K, used 0K [0x000000076c800000, 0x000000078d100000, 0x00000007c0000000)
  eden space 515584K, 0% used [0x000000076c800000,0x000000076c800000,0x000000078bf80000)
  from space 8192K, 0% used [0x000000078c800000,0x000000078c800000,0x000000078d000000)
  to   space 8704K, 0% used [0x000000078bf80000,0x000000078bf80000,0x000000078c800000)
 ParOldGen       total 84480K, used 5471K [0x00000006c5800000, 0x00000006caa80000, 0x000000076c800000)
  object space 84480K, 6% used [0x00000006c5800000,0x00000006c5d57fc8,0x00000006caa80000)
 Metaspace       used 20710K, capacity 20908K, committed 21248K, reserved 1067008K
  class space    used 2607K, capacity 2691K, committed 2816K, reserved 1048576K
}

