# JRE version: Java(TM) SE Runtime Environment (8.0_45-b14) (build 1.8.0_45-b14)
# Java VM: Java HotSpot(TM) 64-Bit Server VM (25.45-b02 mixed mode linux-amd64 compressed oops)
Heap:
 PSYoungGen      total 1180672K, used 283019K [0x000000076c800000, 0x00000007b5900000, 0x00000007c0000000)
  eden space 1173504K, 23% used [0x000000076c800000,0x000000077d9d1e70,0x00000007b4200000)
  from space 7168K, 36% used [0x00000007b4880000,0x00000007b4b10f00,0x00000007b4f80000)
  to   space 6656K, 0% used [0x00000007b4200000,0x00000007b4200000,0x00000007b4880000)
 ParOldGen       total 84480K, used 9007K [0x00000006c5800000, 0x00000006caa80000, 0x000000076c800000)
  object space 84480K, 10% used [0x00000006c5800000,0x00000006c60cbf90,0x00000006caa80000)
 Metaspace       used 23594K, capacity 23820K, committed 24064K, reserved 1071104K
  class space    used 2981K, capacity 3043K, committed 3072K, reserved 1048576K
GC Heap History (10 events):
Event: 3.439 GC heap before
{Heap before GC invocations=13 (full 1):
 PSYoungGen      total 534016K, used 525929K [0x000000076c800000, 0x0000000799000000, 0x00000007c0000000)
  eden space 525824K, 99% used [0x000000076c800000,0x000000078c8f11a8,0x000000078c980000)
  from space 8192K, 8% used [0x000000078c980000,0x000000078ca29288,0x000000078d180000)
  to   space 8192K, 0% used [0x0000000798800000,0x0000000798800000,0x0000000799000000)
 ParOldGen       total 84480K, used 6812K [0x00000006c5800000, 0x00000006caa80000, 0x000000076c800000)
  object space 84480K, 8% used [0x00000006c5800000,0x00000006c5ea7170,0x00000006caa80000)
 Metaspace       used 20755K, capacity 21036K, committed 21504K, reserved 1069056K
  class space    used 2589K, capacity 2691K, committed 2816K, reserved 1048576K
Event: 3.442 GC heap after
Heap after GC invocations=13 (full 1):
 PSYoungGen      total 704512K, used 775K [0x000000076c800000, 0x0000000798900000, 0x00000007c0000000)
  eden space 703488K, 0% used [0x000000076c800000,0x000000076c800000,0x0000000797700000)
  from space 1024K, 75% used [0x0000000798800000,0x00000007988c1dc8,0x0000000798900000)
  to   space 8192K, 0% used [0x0000000797900000,0x0000000797900000,0x0000000798100000)
 ParOldGen       total 84480K, used 6884K [0x00000006c5800000, 0x00000006caa80000, 0x000000076c800000)
  object space 84480K, 8% used [0x00000006c5800000,0x00000006c5eb9170,0x00000006caa80000)
 Metaspace       used 20755K, capacity 21036K, committed 21504K, reserved 1069056K
  class space    used 2589K, capacity 2691K, committed 2816K, reserved 1048576K
}
Event: 4.367 GC heap before
{Heap before GC invocations=14 (full 1):
 PSYoungGen      total 704512K, used 704263K [0x000000076c800000, 0x0000000798900000, 0x00000007c0000000)
  eden space 703488K, 100% used [0x000000076c800000,0x0000000797700000,0x0000000797700000)
  from space 1024K, 75% used [0x0000000798800000,0x00000007988c1dc8,0x0000000798900000)
  to   space 8192K, 0% used [0x0000000797900000,0x0000000797900000,0x0000000798100000)
 ParOldGen       total 84480K, used 6884K [0x00000006c5800000, 0x00000006caa80000, 0x000000076c800000)
  object space 84480K, 8% used [0x00000006c5800000,0x00000006c5eb9170,0x00000006caa80000)
 Metaspace       used 23434K, capacity 23692K, committed 24064K, reserved 1071104K
  class space    used 2976K, capacity 3043K, committed 3072K, reserved 1048576K
Event: 4.372 GC heap after
Heap after GC invocations=14 (full 1):
 PSYoungGen      total 713728K, used 2273K [0x000000076c800000, 0x00000007a5800000, 0x00000007c0000000)
  eden space 705536K, 0% used [0x000000076c800000,0x000000076c800000,0x0000000797900000)
  from space 8192K, 27% used [0x0000000797900000,0x0000000797b38568,0x0000000798100000)
  to   space 7680K, 0% used [0x00000007a5080000,0x00000007a5080000,0x00000007a5800000)
 ParOldGen       total 84480K, used 6948K [0x00000006c5800000, 0x00000006caa80000, 0x000000076c800000)
  object space 84480K, 8% used [0x00000006c5800000,0x00000006c5ec9170,0x00000006caa80000)
 Metaspace       used 23434K, capacity 23692K, committed 24064K, reserved 1071104K
  class space    used 2976K, capacity 3043K, committed 3072K, reserved 1048576K
}
Event: 4.855 GC heap before
{Heap before GC invocations=15 (full 1):
 PSYoungGen      total 713728K, used 707809K [0x000000076c800000, 0x00000007a5800000, 0x00000007c0000000)
  eden space 705536K, 100% used [0x000000076c800000,0x0000000797900000,0x0000000797900000)
  from space 8192K, 27% used [0x0000000797900000,0x0000000797b38568,0x0000000798100000)
  to   space 7680K, 0% used [0x00000007a5080000,0x00000007a5080000,0x00000007a5800000)
 ParOldGen       total 84480K, used 6948K [0x00000006c5800000, 0x00000006caa80000, 0x000000076c800000)
  object space 84480K, 8% used [0x00000006c5800000,0x00000006c5ec9170,0x00000006caa80000)
 Metaspace       used 23485K, capacity 23692K, committed 24064K, reserved 1071104K
  class space    used 2976K, capacity 3043K, committed 3072K, reserved 1048576K
Event: 4.864 GC heap after
Heap after GC invocations=15 (full 1):
 PSYoungGen      total 926720K, used 1089K [0x000000076c800000, 0x00000007a5800000, 0x00000007c0000000)
  eden space 919040K, 0% used [0x000000076c800000,0x000000076c800000,0x00000007a4980000)
  from space 7680K, 14% used [0x00000007a5080000,0x00000007a51904c8,0x00000007a5800000)
  to   space 7168K, 0% used [0x00000007a4980000,0x00000007a4980000,0x00000007a5080000)
 ParOldGen       total 84480K, used 8791K [0x00000006c5800000, 0x00000006caa80000, 0x000000076c800000)
  object space 84480K, 10% used [0x00000006c5800000,0x00000006c6095f88,0x00000006caa80000)
 Metaspace       used 23485K, capacity 23692K, committed 24064K, reserved 1071104K
  class space    used 2976K, capacity 3043K, committed 3072K, reserved 1048576K
}
Event: 5.350 GC heap before
{Heap before GC invocations=16 (full 1):
 PSYoungGen      total 926720K, used 920129K [0x000000076c800000, 0x00000007a5800000, 0x00000007c0000000)
  eden space 919040K, 100% used [0x000000076c800000,0x00000007a4980000,0x00000007a4980000)
  from space 7680K, 14% used [0x00000007a5080000,0x00000007a51904c8,0x00000007a5800000)
  to   space 7168K, 0% used [0x00000007a4980000,0x00000007a4980000,0x00000007a5080000)
 ParOldGen       total 84480K, used 8791K [0x00000006c5800000, 0x00000006caa80000, 0x000000076c800000)
  object space 84480K, 10% used [0x00000006c5800000,0x00000006c6095f88,0x00000006caa80000)
 Metaspace       used 23537K, capacity 23756K, committed 24064K, reserved 1071104K
  class space    used 2976K, capacity 3043K, committed 3072K, reserved 1048576K
Event: 5.353 GC heap after
Heap after GC invocations=16 (full 1):
 PSYoungGen      total 926208K, used 3302K [0x000000076c800000, 0x00000007b4f80000, 0x00000007c0000000)
  eden space 919040K, 0% used [0x000000076c800000,0x000000076c800000,0x00000007a4980000)
  from space 7168K, 46% used [0x00000007a4980000,0x00000007a4cb9a28,0x00000007a5080000)
  to   space 7168K, 0% used [0x00000007b4880000,0x00000007b4880000,0x00000007b4f80000)
 ParOldGen       total 84480K, used 8999K [0x00000006c5800000, 0x00000006caa80000, 0x000000076c800000)
  object space 84480K, 10% used [0x00000006c5800000,0x00000006c60c9f90,0x00000006caa80000)
 Metaspace       used 23537K, capacity 23756K, committed 24064K, reserved 1071104K
  class space    used 2976K, capacity 3043K, committed 3072K, reserved 1048576K
}
Event: 5.692 GC heap before
{Heap before GC invocations=17 (full 1):
 PSYoungGen      total 926208K, used 922342K [0x000000076c800000, 0x00000007b4f80000, 0x00000007c0000000)
  eden space 919040K, 100% used [0x000000076c800000,0x00000007a4980000,0x00000007a4980000)
  from space 7168K, 46% used [0x00000007a4980000,0x00000007a4cb9a28,0x00000007a5080000)
  to   space 7168K, 0% used [0x00000007b4880000,0x00000007b4880000,0x00000007b4f80000)
 ParOldGen       total 84480K, used 8999K [0x00000006c5800000, 0x00000006caa80000, 0x000000076c800000)
  object space 84480K, 10% used [0x00000006c5800000,0x00000006c60c9f90,0x00000006caa80000)
 Metaspace       used 23545K, capacity 23756K, committed 24064K, reserved 1071104K
  class space    used 2976K, capacity 3043K, committed 3072K, reserved 1048576K
Event: 5.699 GC heap after
Heap after GC invocations=17 (full 1):
 PSYoungGen      total 1180672K, used 2627K [0x000000076c800000, 0x00000007b5900000, 0x00000007c0000000)
  eden space 1173504K, 0% used [0x000000076c800000,0x000000076c800000,0x00000007b4200000)
  from space 7168K, 36% used [0x00000007b4880000,0x00000007b4b10f00,0x00000007b4f80000)
  to   space 6656K, 0% used [0x00000007b4200000,0x00000007b4200000,0x00000007b4880000)
 ParOldGen       total 84480K, used 9007K [0x00000006c5800000, 0x00000006caa80000, 0x000000076c800000)
  object space 84480K, 10% used [0x00000006c5800000,0x00000006c60cbf90,0x00000006caa80000)
 Metaspace       used 23545K, capacity 23756K, committed 24064K, reserved 1071104K
  class space    used 2976K, capacity 3043K, committed 3072K, reserved 1048576K
}

