# JRE version: Java(TM) SE Runtime Environment (8.0_45-b14) (build 1.8.0_45-b14)
# Java VM: Java HotSpot(TM) 64-Bit Server VM (25.45-b02 mixed mode linux-amd64 compressed oops)
Heap:
 PSYoungGen      total 1032704K, used 777404K [0x000000076c800000, 0x00000007bf480000, 0x00000007c0000000)
  eden space 1024000K, 75% used [0x000000076c800000,0x000000079bd9b618,0x00000007ab000000)
  from space 8704K, 18% used [0x00000007ab000000,0x00000007ab193a08,0x00000007ab880000)
  to   space 8704K, 0% used [0x00000007bec00000,0x00000007bec00000,0x00000007bf480000)
 ParOldGen       total 83456K, used 5428K [0x00000006c5800000, 0x00000006ca980000, 0x000000076c800000)
  object space 83456K, 6% used [0x00000006c5800000,0x00000006c5d4d180,0x00000006ca980000)
 Metaspace       used 24109K, capacity 24332K, committed 24704K, reserved 1071104K
  class space    used 3061K, capacity 3171K, committed 3200K, reserved 1048576K
GC Heap History (10 events):
Event: 2.800 GC heap before
{Heap before GC invocations=6 (full 0):
 PSYoungGen      total 268800K, used 263363K [0x000000076c800000, 0x000000078cf00000, 0x00000007c0000000)
  eden space 258048K, 100% used [0x000000076c800000,0x000000077c400000,0x000000077c400000)
  from space 10752K, 49% used [0x000000077c400000,0x000000077c930e98,0x000000077ce80000)
  to   space 7680K, 0% used [0x000000078c780000,0x000000078c780000,0x000000078cf00000)
 ParOldGen       total 172032K, used 48K [0x00000006c5800000, 0x00000006d0000000, 0x000000076c800000)
  object space 172032K, 0% used [0x00000006c5800000,0x00000006c580c000,0x00000006d0000000)
 Metaspace       used 20678K, capacity 20908K, committed 21248K, reserved 1067008K
  class space    used 2595K, capacity 2691K, committed 2816K, reserved 1048576K
Event: 2.812 GC heap after
Heap after GC invocations=6 (full 0):
 PSYoungGen      total 522752K, used 5475K [0x000000076c800000, 0x000000078ce00000, 0x00000007c0000000)
  eden space 516096K, 0% used [0x000000076c800000,0x000000076c800000,0x000000078c000000)
  from space 6656K, 82% used [0x000000078c780000,0x000000078ccd8c18,0x000000078ce00000)
  to   space 7168K, 0% used [0x000000078c000000,0x000000078c000000,0x000000078c700000)
 ParOldGen       total 172032K, used 56K [0x00000006c5800000, 0x00000006d0000000, 0x000000076c800000)
  object space 172032K, 0% used [0x00000006c5800000,0x00000006c580e000,0x00000006d0000000)
 Metaspace       used 20678K, capacity 20908K, committed 21248K, reserved 1067008K
  class space    used 2595K, capacity 2691K, committed 2816K, reserved 1048576K
}
Event: 2.848 GC heap before
{Heap before GC invocations=7 (full 0):
 PSYoungGen      total 522752K, used 88423K [0x000000076c800000, 0x000000078ce00000, 0x00000007c0000000)
  eden space 516096K, 16% used [0x000000076c800000,0x0000000771901088,0x000000078c000000)
  from space 6656K, 82% used [0x000000078c780000,0x000000078ccd8c18,0x000000078ce00000)
  to   space 7168K, 0% used [0x000000078c000000,0x000000078c000000,0x000000078c700000)
 ParOldGen       total 172032K, used 56K [0x00000006c5800000, 0x00000006d0000000, 0x000000076c800000)
  object space 172032K, 0% used [0x00000006c5800000,0x00000006c580e000,0x00000006d0000000)
 Metaspace       used 20683K, capacity 20908K, committed 21248K, reserved 1067008K
  class space    used 2595K, capacity 2691K, committed 2816K, reserved 1048576K
Event: 2.863 GC heap after
Heap after GC invocations=7 (full 0):
 PSYoungGen      total 523264K, used 1106K [0x000000076c800000, 0x00000007ac800000, 0x00000007c0000000)
  eden space 516096K, 0% used [0x000000076c800000,0x000000076c800000,0x000000078c000000)
  from space 7168K, 15% used [0x000000078c000000,0x000000078c114858,0x000000078c700000)
  to   space 8192K, 0% used [0x00000007ac000000,0x00000007ac000000,0x00000007ac800000)
 ParOldGen       total 172032K, used 4455K [0x00000006c5800000, 0x00000006d0000000, 0x000000076c800000)
  object space 172032K, 2% used [0x00000006c5800000,0x00000006c5c59e00,0x00000006d0000000)
 Metaspace       used 20683K, capacity 20908K, committed 21248K, reserved 1067008K
  class space    used 2595K, capacity 2691K, committed 2816K, reserved 1048576K
}
Event: 2.863 GC heap before
{Heap before GC invocations=8 (full 1):
 PSYoungGen      total 523264K, used 1106K [0x000000076c800000, 0x00000007ac800000, 0x00000007c0000000)
  eden space 516096K, 0% used [0x000000076c800000,0x000000076c800000,0x000000078c000000)
  from space 7168K, 15% used [0x000000078c000000,0x000000078c114858,0x000000078c700000)
  to   space 8192K, 0% used [0x00000007ac000000,0x00000007ac000000,0x00000007ac800000)
 ParOldGen       total 172032K, used 4455K [0x00000006c5800000, 0x00000006d0000000, 0x000000076c800000)
  object space 172032K, 2% used [0x00000006c5800000,0x00000006c5c59e00,0x00000006d0000000)
 Metaspace       used 20683K, capacity 20908K, committed 21248K, reserved 1067008K
  class space    used 2595K, capacity 2691K, committed 2816K, reserved 1048576K
Event: 2.933 GC heap after
Heap after GC invocations=8 (full 1):
 PSYoungGen      total 523264K, used 0K [0x000000076c800000, 0x00000007ac800000, 0x00000007c0000000)
  eden space 516096K, 0% used [0x000000076c800000,0x000000076c800000,0x000000078c000000)
  from space 7168K, 0% used [0x000000078c000000,0x000000078c000000,0x000000078c700000)
  to   space 8192K, 0% used [0x00000007ac000000,0x00000007ac000000,0x00000007ac800000)
 ParOldGen       total 83456K, used 5412K [0x00000006c5800000, 0x00000006ca980000, 0x000000076c800000)
  object space 83456K, 6% used [0x00000006c5800000,0x00000006c5d49180,0x00000006ca980000)
 Metaspace       used 20683K, capacity 20908K, committed 21248K, reserved 1067008K
  class space    used 2595K, capacity 2691K, committed 2816K, reserved 1048576K
}
Event: 3.215 GC heap before
{Heap before GC invocations=9 (full 1):
 PSYoungGen      total 523264K, used 515711K [0x000000076c800000, 0x00000007ac800000, 0x00000007c0000000)
  eden space 516096K, 99% used [0x000000076c800000,0x000000078bf9fe40,0x000000078c000000)
  from space 7168K, 0% used [0x000000078c000000,0x000000078c000000,0x000000078c700000)
  to   space 8192K, 0% used [0x00000007ac000000,0x00000007ac000000,0x00000007ac800000)
 ParOldGen       total 83456K, used 5412K [0x00000006c5800000, 0x00000006ca980000, 0x000000076c800000)
  object space 83456K, 6% used [0x00000006c5800000,0x00000006c5d49180,0x00000006ca980000)
 Metaspace       used 20683K, capacity 20908K, committed 21248K, reserved 1067008K
  class space    used 2595K, capacity 2691K, committed 2816K, reserved 1048576K
Event: 3.217 GC heap after
Heap after GC invocations=9 (full 1):
 PSYoungGen      total 925696K, used 563K [0x000000076c800000, 0x00000007ac100000, 0x00000007c0000000)
  eden space 924672K, 0% used [0x000000076c800000,0x000000076c800000,0x00000007a4f00000)
  from space 1024K, 55% used [0x00000007ac000000,0x00000007ac08cf70,0x00000007ac100000)
  to   space 8704K, 0% used [0x00000007ab000000,0x00000007ab000000,0x00000007ab880000)
 ParOldGen       total 83456K, used 5420K [0x00000006c5800000, 0x00000006ca980000, 0x000000076c800000)
  object space 83456K, 6% used [0x00000006c5800000,0x00000006c5d4b180,0x00000006ca980000)
 Metaspace       used 20683K, capacity 20908K, committed 21248K, reserved 1067008K
  class space    used 2595K, capacity 2691K, committed 2816K, reserved 1048576K
}
Event: 3.668 GC heap before
{Heap before GC invocations=10 (full 1):
 PSYoungGen      total 925696K, used 925235K [0x000000076c800000, 0x00000007ac100000, 0x00000007c0000000)
  eden space 924672K, 100% used [0x000000076c800000,0x00000007a4f00000,0x00000007a4f00000)
  from space 1024K, 55% used [0x00000007ac000000,0x00000007ac08cf70,0x00000007ac100000)
  to   space 8704K, 0% used [0x00000007ab000000,0x00000007ab000000,0x00000007ab880000)
 ParOldGen       total 83456K, used 5420K [0x00000006c5800000, 0x00000006ca980000, 0x000000076c800000)
  object space 83456K, 6% used [0x00000006c5800000,0x00000006c5d4b180,0x00000006ca980000)
 Metaspace       used 20725K, capacity 20972K, committed 21504K, reserved 1069056K
  class space    used 2595K, capacity 2691K, committed 2816K, reserved 1048576K
Event: 3.673 GC heap after
Heap after GC invocations=10 (full 1):
 PSYoungGen      total 1032704K, used 1614K [0x000000076c800000, 0x00000007bf480000, 0x00000007c0000000)
  eden space 1024000K, 0% used [0x000000076c800000,0x000000076c800000,0x00000007ab000000)
  from space 8704K, 18% used [0x00000007ab000000,0x00000007ab193a08,0x00000007ab880000)
  to   space 8704K, 0% used [0x00000007bec00000,0x00000007bec00000,0x00000007bf480000)
 ParOldGen       total 83456K, used 5428K [0x00000006c5800000, 0x00000006ca980000, 0x000000076c800000)
  object space 83456K, 6% used [0x00000006c5800000,0x00000006c5d4d180,0x00000006ca980000)
 Metaspace       used 20725K, capacity 20972K, committed 21504K, reserved 1069056K
  class space    used 2595K, capacity 2691K, committed 2816K, reserved 1048576K
}

