# JRE version: Java(TM) SE Runtime Environment (8.0_45-b14) (build 1.8.0_45-b14)
# Java VM: Java HotSpot(TM) 64-Bit Server VM (25.45-b02 mixed mode linux-amd64 compressed oops)
Heap:
 PSYoungGen      total 1075712K, used 107785K [0x000000076c800000, 0x00000007aee80000, 0x00000007c0000000)
  eden space 1070592K, 9% used [0x000000076c800000,0x000000077306f648,0x00000007add80000)
  from space 5120K, 16% used [0x00000007ae980000,0x00000007aea52e48,0x00000007aee80000)
  to   space 8704K, 0% used [0x00000007add80000,0x00000007add80000,0x00000007ae600000)
 ParOldGen       total 83968K, used 6151K [0x00000006c5800000, 0x00000006caa00000, 0x000000076c800000)
  object space 83968K, 7% used [0x00000006c5800000,0x00000006c5e01df0,0x00000006caa00000)
 Metaspace       used 27262K, capacity 27500K, committed 27904K, reserved 1073152K
  class space    used 3376K, capacity 3459K, committed 3584K, reserved 1048576K
GC Heap History (10 events):
Event: 3.571 GC heap before
{Heap before GC invocations=7 (full 1):
 PSYoungGen      total 268800K, used 257878K [0x000000076c800000, 0x000000078cf00000, 0x00000007c0000000)
  eden space 258048K, 99% used [0x000000076c800000,0x000000077c3d5898,0x000000077c400000)
  from space 10752K, 0% used [0x000000077c400000,0x000000077c400000,0x000000077ce80000)
  to   space 7680K, 0% used [0x000000078c780000,0x000000078c780000,0x000000078cf00000)
 ParOldGen       total 83968K, used 4977K [0x00000006c5800000, 0x00000006caa00000, 0x000000076c800000)
  object space 83968K, 5% used [0x00000006c5800000,0x00000006c5cdc520,0x00000006caa00000)
 Metaspace       used 20659K, capacity 20908K, committed 21248K, reserved 1067008K
  class space    used 2590K, capacity 2691K, committed 2816K, reserved 1048576K
Event: 3.579 GC heap after
Heap after GC invocations=7 (full 1):
 PSYoungGen      total 453120K, used 1310K [0x000000076c800000, 0x000000078c900000, 0x00000007c0000000)
  eden space 451584K, 0% used [0x000000076c800000,0x000000076c800000,0x0000000788100000)
  from space 1536K, 85% used [0x000000078c780000,0x000000078c8c7b00,0x000000078c900000)
  to   space 8192K, 0% used [0x000000078b900000,0x000000078b900000,0x000000078c100000)
 ParOldGen       total 83968K, used 4985K [0x00000006c5800000, 0x00000006caa00000, 0x000000076c800000)
  object space 83968K, 5% used [0x00000006c5800000,0x00000006c5cde520,0x00000006caa00000)
 Metaspace       used 20659K, capacity 20908K, committed 21248K, reserved 1067008K
  class space    used 2590K, capacity 2691K, committed 2816K, reserved 1048576K
}
Event: 3.987 GC heap before
{Heap before GC invocations=8 (full 1):
 PSYoungGen      total 453120K, used 452894K [0x000000076c800000, 0x000000078c900000, 0x00000007c0000000)
  eden space 451584K, 100% used [0x000000076c800000,0x0000000788100000,0x0000000788100000)
  from space 1536K, 85% used [0x000000078c780000,0x000000078c8c7b00,0x000000078c900000)
  to   space 8192K, 0% used [0x000000078b900000,0x000000078b900000,0x000000078c100000)
 ParOldGen       total 83968K, used 4985K [0x00000006c5800000, 0x00000006caa00000, 0x000000076c800000)
  object space 83968K, 5% used [0x00000006c5800000,0x00000006c5cde520,0x00000006caa00000)
 Metaspace       used 20697K, capacity 20972K, committed 21504K, reserved 1069056K
  class space    used 2590K, capacity 2691K, committed 2816K, reserved 1048576K
Event: 3.998 GC heap after
Heap after GC invocations=8 (full 1):
 PSYoungGen      total 517120K, used 1076K [0x000000076c800000, 0x000000079cf00000, 0x00000007c0000000)
  eden space 508928K, 0% used [0x000000076c800000,0x000000076c800000,0x000000078b900000)
  from space 8192K, 13% used [0x000000078b900000,0x000000078ba0d2b8,0x000000078c100000)
  to   space 8704K, 0% used [0x000000079c680000,0x000000079c680000,0x000000079cf00000)
 ParOldGen       total 83968K, used 4993K [0x00000006c5800000, 0x00000006caa00000, 0x000000076c800000)
  object space 83968K, 5% used [0x00000006c5800000,0x00000006c5ce0520,0x00000006caa00000)
 Metaspace       used 20697K, capacity 20972K, committed 21504K, reserved 1069056K
  class space    used 2590K, capacity 2691K, committed 2816K, reserved 1048576K
}
Event: 4.314 GC heap before
{Heap before GC invocations=9 (full 1):
 PSYoungGen      total 517120K, used 509854K [0x000000076c800000, 0x000000079cf00000, 0x00000007c0000000)
  eden space 508928K, 99% used [0x000000076c800000,0x000000078b8da838,0x000000078b900000)
  from space 8192K, 13% used [0x000000078b900000,0x000000078ba0d2b8,0x000000078c100000)
  to   space 8704K, 0% used [0x000000079c680000,0x000000079c680000,0x000000079cf00000)
 ParOldGen       total 83968K, used 4993K [0x00000006c5800000, 0x00000006caa00000, 0x000000076c800000)
  object space 83968K, 5% used [0x00000006c5800000,0x00000006c5ce0520,0x00000006caa00000)
 Metaspace       used 20769K, capacity 21036K, committed 21504K, reserved 1069056K
  class space    used 2590K, capacity 2691K, committed 2816K, reserved 1048576K
Event: 4.323 GC heap after
Heap after GC invocations=9 (full 1):
 PSYoungGen      total 784896K, used 1719K [0x000000076c800000, 0x00000007a2200000, 0x00000007c0000000)
  eden space 776192K, 0% used [0x000000076c800000,0x000000076c800000,0x000000079be00000)
  from space 8704K, 19% used [0x000000079c680000,0x000000079c82dc70,0x000000079cf00000)
  to   space 8704K, 0% used [0x000000079be00000,0x000000079be00000,0x000000079c680000)
 ParOldGen       total 83968K, used 5001K [0x00000006c5800000, 0x00000006caa00000, 0x000000076c800000)
  object space 83968K, 5% used [0x00000006c5800000,0x00000006c5ce2520,0x00000006caa00000)
 Metaspace       used 20769K, capacity 21036K, committed 21504K, reserved 1069056K
  class space    used 2590K, capacity 2691K, committed 2816K, reserved 1048576K
}
Event: 4.885 GC heap before
{Heap before GC invocations=10 (full 1):
 PSYoungGen      total 784896K, used 777911K [0x000000076c800000, 0x00000007a2200000, 0x00000007c0000000)
  eden space 776192K, 100% used [0x000000076c800000,0x000000079be00000,0x000000079be00000)
  from space 8704K, 19% used [0x000000079c680000,0x000000079c82dc70,0x000000079cf00000)
  to   space 8704K, 0% used [0x000000079be00000,0x000000079be00000,0x000000079c680000)
 ParOldGen       total 83968K, used 5001K [0x00000006c5800000, 0x00000006caa00000, 0x000000076c800000)
  object space 83968K, 5% used [0x00000006c5800000,0x00000006c5ce2520,0x00000006caa00000)
 Metaspace       used 20775K, capacity 21036K, committed 21504K, reserved 1069056K
  class space    used 2590K, capacity 2691K, committed 2816K, reserved 1048576K
Event: 4.889 GC heap after
Heap after GC invocations=10 (full 1):
 PSYoungGen      total 784896K, used 1731K [0x000000076c800000, 0x00000007af200000, 0x00000007c0000000)
  eden space 776192K, 0% used [0x000000076c800000,0x000000076c800000,0x000000079be00000)
  from space 8704K, 19% used [0x000000079be00000,0x000000079bfb0c08,0x000000079c680000)
  to   space 8704K, 0% used [0x00000007ae980000,0x00000007ae980000,0x00000007af200000)
 ParOldGen       total 83968K, used 5097K [0x00000006c5800000, 0x00000006caa00000, 0x000000076c800000)
  object space 83968K, 6% used [0x00000006c5800000,0x00000006c5cfa528,0x00000006caa00000)
 Metaspace       used 20775K, capacity 21036K, committed 21504K, reserved 1069056K
  class space    used 2590K, capacity 2691K, committed 2816K, reserved 1048576K
}
Event: 5.122 GC heap before
{Heap before GC invocations=11 (full 1):
 PSYoungGen      total 784896K, used 777923K [0x000000076c800000, 0x00000007af200000, 0x00000007c0000000)
  eden space 776192K, 100% used [0x000000076c800000,0x000000079be00000,0x000000079be00000)
  from space 8704K, 19% used [0x000000079be00000,0x000000079bfb0c08,0x000000079c680000)
  to   space 8704K, 0% used [0x00000007ae980000,0x00000007ae980000,0x00000007af200000)
 ParOldGen       total 83968K, used 5097K [0x00000006c5800000, 0x00000006caa00000, 0x000000076c800000)
  object space 83968K, 6% used [0x00000006c5800000,0x00000006c5cfa528,0x00000006caa00000)
 Metaspace       used 20789K, capacity 21100K, committed 21504K, reserved 1069056K
  class space    used 2590K, capacity 2691K, committed 2816K, reserved 1048576K
Event: 5.130 GC heap after
Heap after GC invocations=11 (full 1):
 PSYoungGen      total 1075712K, used 843K [0x000000076c800000, 0x00000007aee80000, 0x00000007c0000000)
  eden space 1070592K, 0% used [0x000000076c800000,0x000000076c800000,0x00000007add80000)
  from space 5120K, 16% used [0x00000007ae980000,0x00000007aea52e48,0x00000007aee80000)
  to   space 8704K, 0% used [0x00000007add80000,0x00000007add80000,0x00000007ae600000)
 ParOldGen       total 83968K, used 6151K [0x00000006c5800000, 0x00000006caa00000, 0x000000076c800000)
  object space 83968K, 7% used [0x00000006c5800000,0x00000006c5e01df0,0x00000006caa00000)
 Metaspace       used 20789K, capacity 21100K, committed 21504K, reserved 1069056K
  class space    used 2590K, capacity 2691K, committed 2816K, reserved 1048576K
}

