# JRE version: Java(TM) SE Runtime Environment (8.0_45-b14) (build 1.8.0_45-b14)
# Java VM: Java HotSpot(TM) 64-Bit Server VM (25.45-b02 mixed mode linux-amd64 compressed oops)
Heap:
 PSYoungGen      total 753152K, used 542612K [0x000000076c800000, 0x000000079ba80000, 0x00000007c0000000)
  eden space 752128K, 72% used [0x000000076c800000,0x000000078d937bd0,0x000000079a680000)
  from space 1024K, 67% used [0x000000079b980000,0x000000079ba2d798,0x000000079ba80000)
  to   space 8192K, 0% used [0x000000079aa80000,0x000000079aa80000,0x000000079b280000)
 ParOldGen       total 81920K, used 6204K [0x00000006c5800000, 0x00000006ca800000, 0x000000076c800000)
  object space 81920K, 7% used [0x00000006c5800000,0x00000006c5e0f128,0x00000006ca800000)
 Metaspace       used 27804K, capacity 28076K, committed 28416K, reserved 1075200K
  class space    used 3393K, capacity 3459K, committed 3584K, reserved 1048576K
GC Heap History (10 events):
Event: 3.022 GC heap before
{Heap before GC invocations=9 (full 1):
 PSYoungGen      total 257536K, used 249432K [0x000000076c800000, 0x0000000786080000, 0x00000007c0000000)
  eden space 248832K, 99% used [0x000000076c800000,0x000000077babe848,0x000000077bb00000)
  from space 8704K, 9% used [0x000000077bb00000,0x000000077bbd7958,0x000000077c380000)
  to   space 8704K, 0% used [0x0000000785800000,0x0000000785800000,0x0000000786080000)
 ParOldGen       total 81920K, used 4886K [0x00000006c5800000, 0x00000006ca800000, 0x000000076c800000)
  object space 81920K, 5% used [0x00000006c5800000,0x00000006c5cc5848,0x00000006ca800000)
 Metaspace       used 20691K, capacity 20972K, committed 21504K, reserved 1069056K
  class space    used 2586K, capacity 2691K, committed 2816K, reserved 1048576K
Event: 3.024 GC heap after
Heap after GC invocations=9 (full 1):
 PSYoungGen      total 409600K, used 981K [0x000000076c800000, 0x0000000787800000, 0x00000007c0000000)
  eden space 400896K, 0% used [0x000000076c800000,0x000000076c800000,0x0000000784f80000)
  from space 8704K, 11% used [0x0000000785800000,0x00000007858f5450,0x0000000786080000)
  to   space 8704K, 0% used [0x0000000784f80000,0x0000000784f80000,0x0000000785800000)
 ParOldGen       total 81920K, used 4886K [0x00000006c5800000, 0x00000006ca800000, 0x000000076c800000)
  object space 81920K, 5% used [0x00000006c5800000,0x00000006c5cc5848,0x00000006ca800000)
 Metaspace       used 20691K, capacity 20972K, committed 21504K, reserved 1069056K
  class space    used 2586K, capacity 2691K, committed 2816K, reserved 1048576K
}
Event: 3.224 GC heap before
{Heap before GC invocations=10 (full 1):
 PSYoungGen      total 409600K, used 401877K [0x000000076c800000, 0x0000000787800000, 0x00000007c0000000)
  eden space 400896K, 100% used [0x000000076c800000,0x0000000784f80000,0x0000000784f80000)
  from space 8704K, 11% used [0x0000000785800000,0x00000007858f5450,0x0000000786080000)
  to   space 8704K, 0% used [0x0000000784f80000,0x0000000784f80000,0x0000000785800000)
 ParOldGen       total 81920K, used 4886K [0x00000006c5800000, 0x00000006ca800000, 0x000000076c800000)
  object space 81920K, 5% used [0x00000006c5800000,0x00000006c5cc5848,0x00000006ca800000)
 Metaspace       used 20692K, capacity 20972K, committed 21504K, reserved 1069056K
  class space    used 2586K, capacity 2691K, committed 2816K, reserved 1048576K
Event: 3.227 GC heap after
Heap after GC invocations=10 (full 1):
 PSYoungGen      total 409600K, used 1455K [0x000000076c800000, 0x000000078fd80000, 0x00000007c0000000)
  eden space 400896K, 0% used [0x000000076c800000,0x000000076c800000,0x0000000784f80000)
  from space 8704K, 16% used [0x0000000784f80000,0x00000007850ebcf0,0x0000000785800000)
  to   space 8704K, 0% used [0x000000078f500000,0x000000078f500000,0x000000078fd80000)
 ParOldGen       total 81920K, used 4950K [0x00000006c5800000, 0x00000006ca800000, 0x000000076c800000)
  object space 81920K, 6% used [0x00000006c5800000,0x00000006c5cd5858,0x00000006ca800000)
 Metaspace       used 20692K, capacity 20972K, committed 21504K, reserved 1069056K
  class space    used 2586K, capacity 2691K, committed 2816K, reserved 1048576K
}
Event: 3.394 GC heap before
{Heap before GC invocations=11 (full 1):
 PSYoungGen      total 409600K, used 402351K [0x000000076c800000, 0x000000078fd80000, 0x00000007c0000000)
  eden space 400896K, 100% used [0x000000076c800000,0x0000000784f80000,0x0000000784f80000)
  from space 8704K, 16% used [0x0000000784f80000,0x00000007850ebcf0,0x0000000785800000)
  to   space 8704K, 0% used [0x000000078f500000,0x000000078f500000,0x000000078fd80000)
 ParOldGen       total 81920K, used 4950K [0x00000006c5800000, 0x00000006ca800000, 0x000000076c800000)
  object space 81920K, 6% used [0x00000006c5800000,0x00000006c5cd5858,0x00000006ca800000)
 Metaspace       used 20698K, capacity 20972K, committed 21504K, reserved 1069056K
  class space    used 2586K, capacity 2691K, committed 2816K, reserved 1048576K
Event: 3.397 GC heap after
Heap after GC invocations=11 (full 1):
 PSYoungGen      total 559104K, used 2866K [0x000000076c800000, 0x000000078f800000, 0x00000007c0000000)
  eden space 556032K, 0% used [0x000000076c800000,0x000000076c800000,0x000000078e700000)
  from space 3072K, 93% used [0x000000078f500000,0x000000078f7cc950,0x000000078f800000)
  to   space 8192K, 0% used [0x000000078e800000,0x000000078e800000,0x000000078f000000)
 ParOldGen       total 81920K, used 5102K [0x00000006c5800000, 0x00000006ca800000, 0x000000076c800000)
  object space 81920K, 6% used [0x00000006c5800000,0x00000006c5cfb860,0x00000006ca800000)
 Metaspace       used 20698K, capacity 20972K, committed 21504K, reserved 1069056K
  class space    used 2586K, capacity 2691K, committed 2816K, reserved 1048576K
}
Event: 3.684 GC heap before
{Heap before GC invocations=12 (full 1):
 PSYoungGen      total 559104K, used 558898K [0x000000076c800000, 0x000000078f800000, 0x00000007c0000000)
  eden space 556032K, 100% used [0x000000076c800000,0x000000078e700000,0x000000078e700000)
  from space 3072K, 93% used [0x000000078f500000,0x000000078f7cc950,0x000000078f800000)
  to   space 8192K, 0% used [0x000000078e800000,0x000000078e800000,0x000000078f000000)
 ParOldGen       total 81920K, used 5102K [0x00000006c5800000, 0x00000006ca800000, 0x000000076c800000)
  object space 81920K, 6% used [0x00000006c5800000,0x00000006c5cfb860,0x00000006ca800000)
 Metaspace       used 20777K, capacity 21036K, committed 21504K, reserved 1069056K
  class space    used 2586K, capacity 2691K, committed 2816K, reserved 1048576K
Event: 3.690 GC heap after
Heap after GC invocations=12 (full 1):
 PSYoungGen      total 565248K, used 754K [0x000000076c800000, 0x000000079c180000, 0x00000007c0000000)
  eden space 557056K, 0% used [0x000000076c800000,0x000000076c800000,0x000000078e800000)
  from space 8192K, 9% used [0x000000078e800000,0x000000078e8bc828,0x000000078f000000)
  to   space 8192K, 0% used [0x000000079b980000,0x000000079b980000,0x000000079c180000)
 ParOldGen       total 81920K, used 6124K [0x00000006c5800000, 0x00000006ca800000, 0x000000076c800000)
  object space 81920K, 7% used [0x00000006c5800000,0x00000006c5dfb128,0x00000006ca800000)
 Metaspace       used 20777K, capacity 21036K, committed 21504K, reserved 1069056K
  class space    used 2586K, capacity 2691K, committed 2816K, reserved 1048576K
}
Event: 3.913 GC heap before
{Heap before GC invocations=13 (full 1):
 PSYoungGen      total 565248K, used 557810K [0x000000076c800000, 0x000000079c180000, 0x00000007c0000000)
  eden space 557056K, 100% used [0x000000076c800000,0x000000078e800000,0x000000078e800000)
  from space 8192K, 9% used [0x000000078e800000,0x000000078e8bc828,0x000000078f000000)
  to   space 8192K, 0% used [0x000000079b980000,0x000000079b980000,0x000000079c180000)
 ParOldGen       total 81920K, used 6124K [0x00000006c5800000, 0x00000006ca800000, 0x000000076c800000)
  object space 81920K, 7% used [0x00000006c5800000,0x00000006c5dfb128,0x00000006ca800000)
 Metaspace       used 20814K, capacity 21100K, committed 21504K, reserved 1069056K
  class space    used 2586K, capacity 2691K, committed 2816K, reserved 1048576K
Event: 3.916 GC heap after
Heap after GC invocations=13 (full 1):
 PSYoungGen      total 753152K, used 693K [0x000000076c800000, 0x000000079ba80000, 0x00000007c0000000)
  eden space 752128K, 0% used [0x000000076c800000,0x000000076c800000,0x000000079a680000)
  from space 1024K, 67% used [0x000000079b980000,0x000000079ba2d798,0x000000079ba80000)
  to   space 8192K, 0% used [0x000000079aa80000,0x000000079aa80000,0x000000079b280000)
 ParOldGen       total 81920K, used 6204K [0x00000006c5800000, 0x00000006ca800000, 0x000000076c800000)
  object space 81920K, 7% used [0x00000006c5800000,0x00000006c5e0f128,0x00000006ca800000)
 Metaspace       used 20814K, capacity 21100K, committed 21504K, reserved 1069056K
  class space    used 2586K, capacity 2691K, committed 2816K, reserved 1048576K
}

