# JRE version: Java(TM) SE Runtime Environment (8.0_45-b14) (build 1.8.0_45-b14)
# Java VM: Java HotSpot(TM) 64-Bit Server VM (25.45-b02 mixed mode linux-amd64 compressed oops)
Heap:
 PSYoungGen      total 776704K, used 624825K [0x000000076c800000, 0x000000079cb80000, 0x00000007c0000000)
  eden space 773632K, 80% used [0x000000076c800000,0x0000000792971e90,0x000000079bb80000)
  from space 3072K, 24% used [0x000000079c880000,0x000000079c93c5b0,0x000000079cb80000)
  to   space 8192K, 0% used [0x000000079bb80000,0x000000079bb80000,0x000000079c380000)
 ParOldGen       total 81920K, used 5989K [0x00000006c5800000, 0x00000006ca800000, 0x000000076c800000)
  object space 81920K, 7% used [0x00000006c5800000,0x00000006c5dd9788,0x00000006ca800000)
 Metaspace       used 27851K, capacity 28076K, committed 28416K, reserved 1075200K
  class space    used 3393K, capacity 3459K, committed 3584K, reserved 1048576K
GC Heap History (10 events):
Event: 2.877 GC heap before
{Heap before GC invocations=9 (full 1):
 PSYoungGen      total 238080K, used 230118K [0x000000076c800000, 0x0000000785e00000, 0x00000007c0000000)
  eden space 228864K, 99% used [0x000000076c800000,0x000000077a765c50,0x000000077a780000)
  from space 9216K, 14% used [0x000000077a780000,0x000000077a8d3f50,0x000000077b080000)
  to   space 9216K, 0% used [0x0000000785500000,0x0000000785500000,0x0000000785e00000)
 ParOldGen       total 81920K, used 4663K [0x00000006c5800000, 0x00000006ca800000, 0x000000076c800000)
  object space 81920K, 5% used [0x00000006c5800000,0x00000006c5c8dea8,0x00000006ca800000)
 Metaspace       used 20734K, capacity 20972K, committed 21504K, reserved 1069056K
  class space    used 2589K, capacity 2691K, committed 2816K, reserved 1048576K
Event: 2.882 GC heap after
Heap after GC invocations=9 (full 1):
 PSYoungGen      total 401408K, used 968K [0x000000076c800000, 0x0000000785b00000, 0x00000007c0000000)
  eden space 395264K, 0% used [0x000000076c800000,0x000000076c800000,0x0000000784a00000)
  from space 6144K, 15% used [0x0000000785500000,0x00000007855f23d8,0x0000000785b00000)
  to   space 8704K, 0% used [0x0000000784a00000,0x0000000784a00000,0x0000000785280000)
 ParOldGen       total 81920K, used 4663K [0x00000006c5800000, 0x00000006ca800000, 0x000000076c800000)
  object space 81920K, 5% used [0x00000006c5800000,0x00000006c5c8dea8,0x00000006ca800000)
 Metaspace       used 20734K, capacity 20972K, committed 21504K, reserved 1069056K
  class space    used 2589K, capacity 2691K, committed 2816K, reserved 1048576K
}
Event: 3.100 GC heap before
{Heap before GC invocations=10 (full 1):
 PSYoungGen      total 401408K, used 396232K [0x000000076c800000, 0x0000000785b00000, 0x00000007c0000000)
  eden space 395264K, 100% used [0x000000076c800000,0x0000000784a00000,0x0000000784a00000)
  from space 6144K, 15% used [0x0000000785500000,0x00000007855f23d8,0x0000000785b00000)
  to   space 8704K, 0% used [0x0000000784a00000,0x0000000784a00000,0x0000000785280000)
 ParOldGen       total 81920K, used 4663K [0x00000006c5800000, 0x00000006ca800000, 0x000000076c800000)
  object space 81920K, 5% used [0x00000006c5800000,0x00000006c5c8dea8,0x00000006ca800000)
 Metaspace       used 20735K, capacity 20972K, committed 21504K, reserved 1069056K
  class space    used 2589K, capacity 2691K, committed 2816K, reserved 1048576K
Event: 3.107 GC heap after
Heap after GC invocations=10 (full 1):
 PSYoungGen      total 403968K, used 1026K [0x000000076c800000, 0x000000078ff00000, 0x00000007c0000000)
  eden space 395264K, 0% used [0x000000076c800000,0x000000076c800000,0x0000000784a00000)
  from space 8704K, 11% used [0x0000000784a00000,0x0000000784b00bc0,0x0000000785280000)
  to   space 8704K, 0% used [0x000000078f680000,0x000000078f680000,0x000000078ff00000)
 ParOldGen       total 81920K, used 4783K [0x00000006c5800000, 0x00000006ca800000, 0x000000076c800000)
  object space 81920K, 5% used [0x00000006c5800000,0x00000006c5cabeb8,0x00000006ca800000)
 Metaspace       used 20735K, capacity 20972K, committed 21504K, reserved 1069056K
  class space    used 2589K, capacity 2691K, committed 2816K, reserved 1048576K
}
Event: 3.281 GC heap before
{Heap before GC invocations=11 (full 1):
 PSYoungGen      total 403968K, used 396290K [0x000000076c800000, 0x000000078ff00000, 0x00000007c0000000)
  eden space 395264K, 100% used [0x000000076c800000,0x0000000784a00000,0x0000000784a00000)
  from space 8704K, 11% used [0x0000000784a00000,0x0000000784b00bc0,0x0000000785280000)
  to   space 8704K, 0% used [0x000000078f680000,0x000000078f680000,0x000000078ff00000)
 ParOldGen       total 81920K, used 4783K [0x00000006c5800000, 0x00000006ca800000, 0x000000076c800000)
  object space 81920K, 5% used [0x00000006c5800000,0x00000006c5cabeb8,0x00000006ca800000)
 Metaspace       used 20736K, capacity 20972K, committed 21504K, reserved 1069056K
  class space    used 2590K, capacity 2691K, committed 2816K, reserved 1048576K
Event: 3.286 GC heap after
Heap after GC invocations=11 (full 1):
 PSYoungGen      total 564736K, used 1520K [0x000000076c800000, 0x000000078fb00000, 0x00000007c0000000)
  eden space 560128K, 0% used [0x000000076c800000,0x000000076c800000,0x000000078eb00000)
  from space 4608K, 32% used [0x000000078f680000,0x000000078f7fc110,0x000000078fb00000)
  to   space 8192K, 0% used [0x000000078eb00000,0x000000078eb00000,0x000000078f300000)
 ParOldGen       total 81920K, used 4919K [0x00000006c5800000, 0x00000006ca800000, 0x000000076c800000)
  object space 81920K, 6% used [0x00000006c5800000,0x00000006c5ccdec0,0x00000006ca800000)
 Metaspace       used 20736K, capacity 20972K, committed 21504K, reserved 1069056K
  class space    used 2590K, capacity 2691K, committed 2816K, reserved 1048576K
}
Event: 3.548 GC heap before
{Heap before GC invocations=12 (full 1):
 PSYoungGen      total 564736K, used 561648K [0x000000076c800000, 0x000000078fb00000, 0x00000007c0000000)
  eden space 560128K, 100% used [0x000000076c800000,0x000000078eb00000,0x000000078eb00000)
  from space 4608K, 32% used [0x000000078f680000,0x000000078f7fc110,0x000000078fb00000)
  to   space 8192K, 0% used [0x000000078eb00000,0x000000078eb00000,0x000000078f300000)
 ParOldGen       total 81920K, used 4919K [0x00000006c5800000, 0x00000006ca800000, 0x000000076c800000)
  object space 81920K, 6% used [0x00000006c5800000,0x00000006c5ccdec0,0x00000006ca800000)
 Metaspace       used 20750K, capacity 21036K, committed 21504K, reserved 1069056K
  class space    used 2590K, capacity 2691K, committed 2816K, reserved 1048576K
Event: 3.551 GC heap after
Heap after GC invocations=12 (full 1):
 PSYoungGen      total 568320K, used 619K [0x000000076c800000, 0x000000079d080000, 0x00000007c0000000)
  eden space 560128K, 0% used [0x000000076c800000,0x000000076c800000,0x000000078eb00000)
  from space 8192K, 7% used [0x000000078eb00000,0x000000078eb9ad58,0x000000078f300000)
  to   space 8192K, 0% used [0x000000079c880000,0x000000079c880000,0x000000079d080000)
 ParOldGen       total 81920K, used 5917K [0x00000006c5800000, 0x00000006ca800000, 0x000000076c800000)
  object space 81920K, 7% used [0x00000006c5800000,0x00000006c5dc7788,0x00000006ca800000)
 Metaspace       used 20750K, capacity 21036K, committed 21504K, reserved 1069056K
  class space    used 2590K, capacity 2691K, committed 2816K, reserved 1048576K
}
Event: 3.779 GC heap before
{Heap before GC invocations=13 (full 1):
 PSYoungGen      total 568320K, used 560563K [0x000000076c800000, 0x000000079d080000, 0x00000007c0000000)
  eden space 560128K, 99% used [0x000000076c800000,0x000000078ead2190,0x000000078eb00000)
  from space 8192K, 7% used [0x000000078eb00000,0x000000078eb9ad58,0x000000078f300000)
  to   space 8192K, 0% used [0x000000079c880000,0x000000079c880000,0x000000079d080000)
 ParOldGen       total 81920K, used 5917K [0x00000006c5800000, 0x00000006ca800000, 0x000000076c800000)
  object space 81920K, 7% used [0x00000006c5800000,0x00000006c5dc7788,0x00000006ca800000)
 Metaspace       used 20799K, capacity 21036K, committed 21504K, reserved 1069056K
  class space    used 2590K, capacity 2691K, committed 2816K, reserved 1048576K
Event: 3.784 GC heap after
Heap after GC invocations=13 (full 1):
 PSYoungGen      total 776704K, used 753K [0x000000076c800000, 0x000000079cb80000, 0x00000007c0000000)
  eden space 773632K, 0% used [0x000000076c800000,0x000000076c800000,0x000000079bb80000)
  from space 3072K, 24% used [0x000000079c880000,0x000000079c93c5b0,0x000000079cb80000)
  to   space 8192K, 0% used [0x000000079bb80000,0x000000079bb80000,0x000000079c380000)
 ParOldGen       total 81920K, used 5989K [0x00000006c5800000, 0x00000006ca800000, 0x000000076c800000)
  object space 81920K, 7% used [0x00000006c5800000,0x00000006c5dd9788,0x00000006ca800000)
 Metaspace       used 20799K, capacity 21036K, committed 21504K, reserved 1069056K
  class space    used 2590K, capacity 2691K, committed 2816K, reserved 1048576K
}

