# JRE version: Java(TM) SE Runtime Environment (8.0_45-b14) (build 1.8.0_45-b14)
# Java VM: Java HotSpot(TM) 64-Bit Server VM (25.45-b02 mixed mode linux-amd64 compressed oops)
Heap:
 PSYoungGen      total 664576K, used 409470K [0x000000076c800000, 0x00000007a8080000, 0x00000007c0000000)
  eden space 656384K, 62% used [0x000000076c800000,0x000000078573d8f8,0x0000000794900000)
  from space 8192K, 7% used [0x0000000794900000,0x00000007949a2108,0x0000000795100000)
  to   space 8192K, 0% used [0x00000007a7880000,0x00000007a7880000,0x00000007a8080000)
 ParOldGen       total 75776K, used 6833K [0x00000006c5800000, 0x00000006ca200000, 0x000000076c800000)
  object space 75776K, 9% used [0x00000006c5800000,0x00000006c5eac720,0x00000006ca200000)
 Metaspace       used 22599K, capacity 22828K, committed 23168K, reserved 1069056K
  class space    used 2794K, capacity 2883K, committed 2944K, reserved 1048576K
GC Heap History (10 events):
Event: 7.067 GC heap before
{Heap before GC invocations=8 (full 1):
 PSYoungGen      total 249856K, used 242714K [0x000000076c800000, 0x000000077c680000, 0x00000007c0000000)
  eden space 242176K, 100% used [0x000000076c800000,0x000000077b480000,0x000000077b480000)
  from space 7680K, 7% used [0x000000077bf00000,0x000000077bf86a80,0x000000077c680000)
  to   space 9216K, 0% used [0x000000077b480000,0x000000077b480000,0x000000077bd80000)
 ParOldGen       total 75776K, used 4669K [0x00000006c5800000, 0x00000006ca200000, 0x000000076c800000)
  object space 75776K, 6% used [0x00000006c5800000,0x00000006c5c8f588,0x00000006ca200000)
 Metaspace       used 20697K, capacity 20972K, committed 21504K, reserved 1069056K
  class space    used 2594K, capacity 2691K, committed 2816K, reserved 1048576K
Event: 7.070 GC heap after
Heap after GC invocations=8 (full 1):
 PSYoungGen      total 251392K, used 891K [0x000000076c800000, 0x0000000789000000, 0x00000007c0000000)
  eden space 242176K, 0% used [0x000000076c800000,0x000000076c800000,0x000000077b480000)
  from space 9216K, 9% used [0x000000077b480000,0x000000077b55efa8,0x000000077bd80000)
  to   space 9216K, 0% used [0x0000000788700000,0x0000000788700000,0x0000000789000000)
 ParOldGen       total 75776K, used 4669K [0x00000006c5800000, 0x00000006ca200000, 0x000000076c800000)
  object space 75776K, 6% used [0x00000006c5800000,0x00000006c5c8f588,0x00000006ca200000)
 Metaspace       used 20697K, capacity 20972K, committed 21504K, reserved 1069056K
  class space    used 2594K, capacity 2691K, committed 2816K, reserved 1048576K
}
Event: 7.189 GC heap before
{Heap before GC invocations=9 (full 1):
 PSYoungGen      total 251392K, used 242840K [0x000000076c800000, 0x0000000789000000, 0x00000007c0000000)
  eden space 242176K, 99% used [0x000000076c800000,0x000000077b447100,0x000000077b480000)
  from space 9216K, 9% used [0x000000077b480000,0x000000077b55efa8,0x000000077bd80000)
  to   space 9216K, 0% used [0x0000000788700000,0x0000000788700000,0x0000000789000000)
 ParOldGen       total 75776K, used 4669K [0x00000006c5800000, 0x00000006ca200000, 0x000000076c800000)
  object space 75776K, 6% used [0x00000006c5800000,0x00000006c5c8f588,0x00000006ca200000)
 Metaspace       used 20698K, capacity 20972K, committed 21504K, reserved 1069056K
  class space    used 2594K, capacity 2691K, committed 2816K, reserved 1048576K
Event: 7.191 GC heap after
Heap after GC invocations=9 (full 1):
 PSYoungGen      total 449536K, used 1001K [0x000000076c800000, 0x0000000788c00000, 0x00000007c0000000)
  eden space 444416K, 0% used [0x000000076c800000,0x000000076c800000,0x0000000787a00000)
  from space 5120K, 19% used [0x0000000788700000,0x00000007887fa738,0x0000000788c00000)
  to   space 9216K, 0% used [0x0000000787a00000,0x0000000787a00000,0x0000000788300000)
 ParOldGen       total 75776K, used 4669K [0x00000006c5800000, 0x00000006ca200000, 0x000000076c800000)
  object space 75776K, 6% used [0x00000006c5800000,0x00000006c5c8f588,0x00000006ca200000)
 Metaspace       used 20698K, capacity 20972K, committed 21504K, reserved 1069056K
  class space    used 2594K, capacity 2691K, committed 2816K, reserved 1048576K
}
Event: 7.414 GC heap before
{Heap before GC invocations=10 (full 1):
 PSYoungGen      total 449536K, used 445341K [0x000000076c800000, 0x0000000788c00000, 0x00000007c0000000)
  eden space 444416K, 99% used [0x000000076c800000,0x00000007879ecf88,0x0000000787a00000)
  from space 5120K, 19% used [0x0000000788700000,0x00000007887fa738,0x0000000788c00000)
  to   space 9216K, 0% used [0x0000000787a00000,0x0000000787a00000,0x0000000788300000)
 ParOldGen       total 75776K, used 4669K [0x00000006c5800000, 0x00000006ca200000, 0x000000076c800000)
  object space 75776K, 6% used [0x00000006c5800000,0x00000006c5c8f588,0x00000006ca200000)
 Metaspace       used 20701K, capacity 20972K, committed 21504K, reserved 1069056K
  class space    used 2594K, capacity 2691K, committed 2816K, reserved 1048576K
Event: 7.417 GC heap after
Heap after GC invocations=10 (full 1):
 PSYoungGen      total 453632K, used 1501K [0x000000076c800000, 0x0000000795d80000, 0x00000007c0000000)
  eden space 444416K, 0% used [0x000000076c800000,0x000000076c800000,0x0000000787a00000)
  from space 9216K, 16% used [0x0000000787a00000,0x0000000787b777b8,0x0000000788300000)
  to   space 8704K, 0% used [0x0000000795500000,0x0000000795500000,0x0000000795d80000)
 ParOldGen       total 75776K, used 4789K [0x00000006c5800000, 0x00000006ca200000, 0x000000076c800000)
  object space 75776K, 6% used [0x00000006c5800000,0x00000006c5cad598,0x00000006ca200000)
 Metaspace       used 20701K, capacity 20972K, committed 21504K, reserved 1069056K
  class space    used 2594K, capacity 2691K, committed 2816K, reserved 1048576K
}
Event: 7.572 GC heap before
{Heap before GC invocations=11 (full 1):
 PSYoungGen      total 453632K, used 445726K [0x000000076c800000, 0x0000000795d80000, 0x00000007c0000000)
  eden space 444416K, 99% used [0x000000076c800000,0x00000007879d02b8,0x0000000787a00000)
  from space 9216K, 16% used [0x0000000787a00000,0x0000000787b777b8,0x0000000788300000)
  to   space 8704K, 0% used [0x0000000795500000,0x0000000795500000,0x0000000795d80000)
 ParOldGen       total 75776K, used 4789K [0x00000006c5800000, 0x00000006ca200000, 0x000000076c800000)
  object space 75776K, 6% used [0x00000006c5800000,0x00000006c5cad598,0x00000006ca200000)
 Metaspace       used 20711K, capacity 20972K, committed 21504K, reserved 1069056K
  class space    used 2594K, capacity 2691K, committed 2816K, reserved 1048576K
Event: 7.575 GC heap after
Heap after GC invocations=11 (full 1):
 PSYoungGen      total 660480K, used 1604K [0x000000076c800000, 0x0000000795900000, 0x00000007c0000000)
  eden space 656384K, 0% used [0x000000076c800000,0x000000076c800000,0x0000000794900000)
  from space 4096K, 39% used [0x0000000795500000,0x00000007956910e8,0x0000000795900000)
  to   space 8192K, 0% used [0x0000000794900000,0x0000000794900000,0x0000000795100000)
 ParOldGen       total 75776K, used 4949K [0x00000006c5800000, 0x00000006ca200000, 0x000000076c800000)
  object space 75776K, 6% used [0x00000006c5800000,0x00000006c5cd55a0,0x00000006ca200000)
 Metaspace       used 20711K, capacity 20972K, committed 21504K, reserved 1069056K
  class space    used 2594K, capacity 2691K, committed 2816K, reserved 1048576K
}
Event: 7.879 GC heap before
{Heap before GC invocations=12 (full 1):
 PSYoungGen      total 660480K, used 657676K [0x000000076c800000, 0x0000000795900000, 0x00000007c0000000)
  eden space 656384K, 99% used [0x000000076c800000,0x00000007948b1f18,0x0000000794900000)
  from space 4096K, 39% used [0x0000000795500000,0x00000007956910e8,0x0000000795900000)
  to   space 8192K, 0% used [0x0000000794900000,0x0000000794900000,0x0000000795100000)
 ParOldGen       total 75776K, used 4949K [0x00000006c5800000, 0x00000006ca200000, 0x000000076c800000)
  object space 75776K, 6% used [0x00000006c5800000,0x00000006c5cd55a0,0x00000006ca200000)
 Metaspace       used 20729K, capacity 20972K, committed 21504K, reserved 1069056K
  class space    used 2594K, capacity 2691K, committed 2816K, reserved 1048576K
Event: 7.884 GC heap after
Heap after GC invocations=12 (full 1):
 PSYoungGen      total 664576K, used 648K [0x000000076c800000, 0x00000007a8080000, 0x00000007c0000000)
  eden space 656384K, 0% used [0x000000076c800000,0x000000076c800000,0x0000000794900000)
  from space 8192K, 7% used [0x0000000794900000,0x00000007949a2108,0x0000000795100000)
  to   space 8192K, 0% used [0x00000007a7880000,0x00000007a7880000,0x00000007a8080000)
 ParOldGen       total 75776K, used 6833K [0x00000006c5800000, 0x00000006ca200000, 0x000000076c800000)
  object space 75776K, 9% used [0x00000006c5800000,0x00000006c5eac720,0x00000006ca200000)
 Metaspace       used 20729K, capacity 20972K, committed 21504K, reserved 1069056K
  class space    used 2594K, capacity 2691K, committed 2816K, reserved 1048576K
}

