# JRE version: Java(TM) SE Runtime Environment (8.0_45-b14) (build 1.8.0_45-b14)
# Java VM: Java HotSpot(TM) 64-Bit Server VM (25.45-b02 mixed mode linux-amd64 compressed oops)
Heap:
 PSYoungGen      total 1030144K, used 219448K [0x000000076c800000, 0x00000007ad380000, 0x00000007c0000000)
  eden space 1029120K, 21% used [0x000000076c800000,0x0000000779d83e10,0x00000007ab500000)
  from space 1024K, 79% used [0x00000007ad280000,0x00000007ad34a3f0,0x00000007ad380000)
  to   space 8704K, 0% used [0x00000007ac280000,0x00000007ac280000,0x00000007acb00000)
 ParOldGen       total 85504K, used 6127K [0x00000006c5800000, 0x00000006cab80000, 0x000000076c800000)
  object space 85504K, 7% used [0x00000006c5800000,0x00000006c5dfbcb8,0x00000006cab80000)
 Metaspace       used 27794K, capacity 28018K, committed 28416K, reserved 1075200K
  class space    used 3392K, capacity 3460K, committed 3584K, reserved 1048576K
GC Heap History (10 events):
Event: 2.873 GC heap before
{Heap before GC invocations=7 (full 1):
 PSYoungGen      total 268800K, used 257802K [0x000000076c800000, 0x000000078cf00000, 0x00000007c0000000)
  eden space 258048K, 99% used [0x000000076c800000,0x000000077c3c29c0,0x000000077c400000)
  from space 10752K, 0% used [0x000000077c400000,0x000000077c400000,0x000000077ce80000)
  to   space 7680K, 0% used [0x000000078c780000,0x000000078c780000,0x000000078cf00000)
 ParOldGen       total 85504K, used 4976K [0x00000006c5800000, 0x00000006cab80000, 0x000000076c800000)
  object space 85504K, 5% used [0x00000006c5800000,0x00000006c5cdc3e8,0x00000006cab80000)
 Metaspace       used 20677K, capacity 20908K, committed 21248K, reserved 1067008K
  class space    used 2589K, capacity 2691K, committed 2816K, reserved 1048576K
Event: 2.880 GC heap after
Heap after GC invocations=7 (full 1):
 PSYoungGen      total 449024K, used 841K [0x000000076c800000, 0x000000078c880000, 0x00000007c0000000)
  eden space 448000K, 0% used [0x000000076c800000,0x000000076c800000,0x0000000787d80000)
  from space 1024K, 82% used [0x000000078c780000,0x000000078c8524a8,0x000000078c880000)
  to   space 8192K, 0% used [0x000000078b880000,0x000000078b880000,0x000000078c080000)
 ParOldGen       total 85504K, used 4984K [0x00000006c5800000, 0x00000006cab80000, 0x000000076c800000)
  object space 85504K, 5% used [0x00000006c5800000,0x00000006c5cde3e8,0x00000006cab80000)
 Metaspace       used 20677K, capacity 20908K, committed 21248K, reserved 1067008K
  class space    used 2589K, capacity 2691K, committed 2816K, reserved 1048576K
}
Event: 3.139 GC heap before
{Heap before GC invocations=8 (full 1):
 PSYoungGen      total 449024K, used 448841K [0x000000076c800000, 0x000000078c880000, 0x00000007c0000000)
  eden space 448000K, 100% used [0x000000076c800000,0x0000000787d80000,0x0000000787d80000)
  from space 1024K, 82% used [0x000000078c780000,0x000000078c8524a8,0x000000078c880000)
  to   space 8192K, 0% used [0x000000078b880000,0x000000078b880000,0x000000078c080000)
 ParOldGen       total 85504K, used 4984K [0x00000006c5800000, 0x00000006cab80000, 0x000000076c800000)
  object space 85504K, 5% used [0x00000006c5800000,0x00000006c5cde3e8,0x00000006cab80000)
 Metaspace       used 20678K, capacity 20908K, committed 21248K, reserved 1067008K
  class space    used 2590K, capacity 2691K, committed 2816K, reserved 1048576K
Event: 3.144 GC heap after
Heap after GC invocations=8 (full 1):
 PSYoungGen      total 516608K, used 1471K [0x000000076c800000, 0x000000079c080000, 0x00000007c0000000)
  eden space 508416K, 0% used [0x000000076c800000,0x000000076c800000,0x000000078b880000)
  from space 8192K, 17% used [0x000000078b880000,0x000000078b9efff0,0x000000078c080000)
  to   space 8704K, 0% used [0x000000079b800000,0x000000079b800000,0x000000079c080000)
 ParOldGen       total 85504K, used 4984K [0x00000006c5800000, 0x00000006cab80000, 0x000000076c800000)
  object space 85504K, 5% used [0x00000006c5800000,0x00000006c5cde3e8,0x00000006cab80000)
 Metaspace       used 20678K, capacity 20908K, committed 21248K, reserved 1067008K
  class space    used 2590K, capacity 2691K, committed 2816K, reserved 1048576K
}
Event: 3.346 GC heap before
{Heap before GC invocations=9 (full 1):
 PSYoungGen      total 516608K, used 509659K [0x000000076c800000, 0x000000079c080000, 0x00000007c0000000)
  eden space 508416K, 99% used [0x000000076c800000,0x000000078b846e70,0x000000078b880000)
  from space 8192K, 17% used [0x000000078b880000,0x000000078b9efff0,0x000000078c080000)
  to   space 8704K, 0% used [0x000000079b800000,0x000000079b800000,0x000000079c080000)
 ParOldGen       total 85504K, used 4984K [0x00000006c5800000, 0x00000006cab80000, 0x000000076c800000)
  object space 85504K, 5% used [0x00000006c5800000,0x00000006c5cde3e8,0x00000006cab80000)
 Metaspace       used 20678K, capacity 20908K, committed 21248K, reserved 1067008K
  class space    used 2590K, capacity 2691K, committed 2816K, reserved 1048576K
Event: 3.349 GC heap after
Heap after GC invocations=9 (full 1):
 PSYoungGen      total 770048K, used 1583K [0x000000076c800000, 0x00000007a1280000, 0x00000007c0000000)
  eden space 761344K, 0% used [0x000000076c800000,0x000000076c800000,0x000000079af80000)
  from space 8704K, 18% used [0x000000079b800000,0x000000079b98bd98,0x000000079c080000)
  to   space 8704K, 0% used [0x000000079af80000,0x000000079af80000,0x000000079b800000)
 ParOldGen       total 85504K, used 4992K [0x00000006c5800000, 0x00000006cab80000, 0x000000076c800000)
  object space 85504K, 5% used [0x00000006c5800000,0x00000006c5ce03e8,0x00000006cab80000)
 Metaspace       used 20678K, capacity 20908K, committed 21248K, reserved 1067008K
  class space    used 2590K, capacity 2691K, committed 2816K, reserved 1048576K
}
Event: 3.658 GC heap before
{Heap before GC invocations=10 (full 1):
 PSYoungGen      total 770048K, used 762927K [0x000000076c800000, 0x00000007a1280000, 0x00000007c0000000)
  eden space 761344K, 100% used [0x000000076c800000,0x000000079af80000,0x000000079af80000)
  from space 8704K, 18% used [0x000000079b800000,0x000000079b98bd98,0x000000079c080000)
  to   space 8704K, 0% used [0x000000079af80000,0x000000079af80000,0x000000079b800000)
 ParOldGen       total 85504K, used 4992K [0x00000006c5800000, 0x00000006cab80000, 0x000000076c800000)
  object space 85504K, 5% used [0x00000006c5800000,0x00000006c5ce03e8,0x00000006cab80000)
 Metaspace       used 20687K, capacity 20972K, committed 21504K, reserved 1069056K
  class space    used 2590K, capacity 2691K, committed 2816K, reserved 1048576K
Event: 3.664 GC heap after
Heap after GC invocations=10 (full 1):
 PSYoungGen      total 770048K, used 1725K [0x000000076c800000, 0x00000007adb00000, 0x00000007c0000000)
  eden space 761344K, 0% used [0x000000076c800000,0x000000076c800000,0x000000079af80000)
  from space 8704K, 19% used [0x000000079af80000,0x000000079b12f4b0,0x000000079b800000)
  to   space 8704K, 0% used [0x00000007ad280000,0x00000007ad280000,0x00000007adb00000)
 ParOldGen       total 85504K, used 5096K [0x00000006c5800000, 0x00000006cab80000, 0x000000076c800000)
  object space 85504K, 5% used [0x00000006c5800000,0x00000006c5cfa3f0,0x00000006cab80000)
 Metaspace       used 20687K, capacity 20972K, committed 21504K, reserved 1069056K
  class space    used 2590K, capacity 2691K, committed 2816K, reserved 1048576K
}
Event: 3.986 GC heap before
{Heap before GC invocations=11 (full 1):
 PSYoungGen      total 770048K, used 762582K [0x000000076c800000, 0x00000007adb00000, 0x00000007c0000000)
  eden space 761344K, 99% used [0x000000076c800000,0x000000079af06620,0x000000079af80000)
  from space 8704K, 19% used [0x000000079af80000,0x000000079b12f4b0,0x000000079b800000)
  to   space 8704K, 0% used [0x00000007ad280000,0x00000007ad280000,0x00000007adb00000)
 ParOldGen       total 85504K, used 5096K [0x00000006c5800000, 0x00000006cab80000, 0x000000076c800000)
  object space 85504K, 5% used [0x00000006c5800000,0x00000006c5cfa3f0,0x00000006cab80000)
 Metaspace       used 20769K, capacity 21036K, committed 21504K, reserved 1069056K
  class space    used 2590K, capacity 2691K, committed 2816K, reserved 1048576K
Event: 3.989 GC heap after
Heap after GC invocations=11 (full 1):
 PSYoungGen      total 1030144K, used 808K [0x000000076c800000, 0x00000007ad380000, 0x00000007c0000000)
  eden space 1029120K, 0% used [0x000000076c800000,0x000000076c800000,0x00000007ab500000)
  from space 1024K, 79% used [0x00000007ad280000,0x00000007ad34a3f0,0x00000007ad380000)
  to   space 8704K, 0% used [0x00000007ac280000,0x00000007ac280000,0x00000007acb00000)
 ParOldGen       total 85504K, used 6127K [0x00000006c5800000, 0x00000006cab80000, 0x000000076c800000)
  object space 85504K, 7% used [0x00000006c5800000,0x00000006c5dfbcb8,0x00000006cab80000)
 Metaspace       used 20769K, capacity 21036K, committed 21504K, reserved 1069056K
  class space    used 2590K, capacity 2691K, committed 2816K, reserved 1048576K
}

