# JRE version: Java(TM) SE Runtime Environment (8.0_45-b14) (build 1.8.0_45-b14)
# Java VM: Java HotSpot(TM) 64-Bit Server VM (25.45-b02 mixed mode linux-amd64 compressed oops)
Heap:
 PSYoungGen      total 834560K, used 205074K [0x000000076c800000, 0x00000007b2a00000, 0x00000007c0000000)
  eden space 825856K, 24% used [0x000000076c800000,0x0000000778f8bb48,0x000000079ee80000)
  from space 8704K, 8% used [0x000000079ee80000,0x000000079ef390a8,0x000000079f700000)
  to   space 8704K, 0% used [0x00000007b2180000,0x00000007b2180000,0x00000007b2a00000)
 ParOldGen       total 93696K, used 6159K [0x00000006c5800000, 0x00000006cb380000, 0x000000076c800000)
  object space 93696K, 6% used [0x00000006c5800000,0x00000006c5e03c38,0x00000006cb380000)
 Metaspace       used 24135K, capacity 24396K, committed 24704K, reserved 1071104K
  class space    used 3057K, capacity 3171K, committed 3200K, reserved 1048576K
GC Heap History (10 events):
Event: 2.727 GC heap before
{Heap before GC invocations=8 (full 0):
 PSYoungGen      total 265216K, used 258858K [0x000000076c800000, 0x000000078d000000, 0x00000007c0000000)
  eden space 258048K, 99% used [0x000000076c800000,0x000000077c3c8760,0x000000077c400000)
  from space 7168K, 14% used [0x000000077c400000,0x000000077c5022f8,0x000000077cb00000)
  to   space 8192K, 0% used [0x000000078c800000,0x000000078c800000,0x000000078d000000)
 ParOldGen       total 172032K, used 4484K [0x00000006c5800000, 0x00000006d0000000, 0x000000076c800000)
  object space 172032K, 2% used [0x00000006c5800000,0x00000006c5c610b0,0x00000006d0000000)
 Metaspace       used 20637K, capacity 20908K, committed 21248K, reserved 1067008K
  class space    used 2594K, capacity 2691K, committed 2816K, reserved 1048576K
Event: 2.730 GC heap after
Heap after GC invocations=8 (full 0):
 PSYoungGen      total 524288K, used 1949K [0x000000076c800000, 0x000000078d000000, 0x00000007c0000000)
  eden space 516096K, 0% used [0x000000076c800000,0x000000076c800000,0x000000078c000000)
  from space 8192K, 23% used [0x000000078c800000,0x000000078c9e7618,0x000000078d000000)
  to   space 8192K, 0% used [0x000000078c000000,0x000000078c000000,0x000000078c800000)
 ParOldGen       total 172032K, used 4572K [0x00000006c5800000, 0x00000006d0000000, 0x000000076c800000)
  object space 172032K, 2% used [0x00000006c5800000,0x00000006c5c770b0,0x00000006d0000000)
 Metaspace       used 20637K, capacity 20908K, committed 21248K, reserved 1067008K
  class space    used 2594K, capacity 2691K, committed 2816K, reserved 1048576K
}
Event: 2.972 GC heap before
{Heap before GC invocations=9 (full 0):
 PSYoungGen      total 524288K, used 518045K [0x000000076c800000, 0x000000078d000000, 0x00000007c0000000)
  eden space 516096K, 100% used [0x000000076c800000,0x000000078c000000,0x000000078c000000)
  from space 8192K, 23% used [0x000000078c800000,0x000000078c9e7618,0x000000078d000000)
  to   space 8192K, 0% used [0x000000078c000000,0x000000078c000000,0x000000078c800000)
 ParOldGen       total 172032K, used 4572K [0x00000006c5800000, 0x00000006d0000000, 0x000000076c800000)
  object space 172032K, 2% used [0x00000006c5800000,0x00000006c5c770b0,0x00000006d0000000)
 Metaspace       used 20637K, capacity 20908K, committed 21248K, reserved 1067008K
  class space    used 2594K, capacity 2691K, committed 2816K, reserved 1048576K
Event: 2.977 GC heap after
Heap after GC invocations=9 (full 0):
 PSYoungGen      total 524288K, used 1097K [0x000000076c800000, 0x000000079ff80000, 0x00000007c0000000)
  eden space 516096K, 0% used [0x000000076c800000,0x000000076c800000,0x000000078c000000)
  from space 8192K, 13% used [0x000000078c000000,0x000000078c112658,0x000000078c800000)
  to   space 8704K, 0% used [0x000000079f700000,0x000000079f700000,0x000000079ff80000)
 ParOldGen       total 172032K, used 4668K [0x00000006c5800000, 0x00000006d0000000, 0x000000076c800000)
  object space 172032K, 2% used [0x00000006c5800000,0x00000006c5c8f0b0,0x00000006d0000000)
 Metaspace       used 20637K, capacity 20908K, committed 21248K, reserved 1067008K
  class space    used 2594K, capacity 2691K, committed 2816K, reserved 1048576K
}
Event: 3.139 GC heap before
{Heap before GC invocations=10 (full 0):
 PSYoungGen      total 524288K, used 373413K [0x000000076c800000, 0x000000079ff80000, 0x00000007c0000000)
  eden space 516096K, 72% used [0x000000076c800000,0x0000000783396ee0,0x000000078c000000)
  from space 8192K, 13% used [0x000000078c000000,0x000000078c112658,0x000000078c800000)
  to   space 8704K, 0% used [0x000000079f700000,0x000000079f700000,0x000000079ff80000)
 ParOldGen       total 172032K, used 4668K [0x00000006c5800000, 0x00000006d0000000, 0x000000076c800000)
  object space 172032K, 2% used [0x00000006c5800000,0x00000006c5c8f0b0,0x00000006d0000000)
 Metaspace       used 20672K, capacity 20908K, committed 21248K, reserved 1067008K
  class space    used 2594K, capacity 2691K, committed 2816K, reserved 1048576K
Event: 3.152 GC heap after
Heap after GC invocations=10 (full 0):
 PSYoungGen      total 834560K, used 1580K [0x000000076c800000, 0x000000079ff80000, 0x00000007c0000000)
  eden space 825856K, 0% used [0x000000076c800000,0x000000076c800000,0x000000079ee80000)
  from space 8704K, 18% used [0x000000079f700000,0x000000079f88b320,0x000000079ff80000)
  to   space 8704K, 0% used [0x000000079ee80000,0x000000079ee80000,0x000000079f700000)
 ParOldGen       total 172032K, used 4812K [0x00000006c5800000, 0x00000006d0000000, 0x000000076c800000)
  object space 172032K, 2% used [0x00000006c5800000,0x00000006c5cb30b8,0x00000006d0000000)
 Metaspace       used 20672K, capacity 20908K, committed 21248K, reserved 1067008K
  class space    used 2594K, capacity 2691K, committed 2816K, reserved 1048576K
}
Event: 3.152 GC heap before
{Heap before GC invocations=11 (full 1):
 PSYoungGen      total 834560K, used 1580K [0x000000076c800000, 0x000000079ff80000, 0x00000007c0000000)
  eden space 825856K, 0% used [0x000000076c800000,0x000000076c800000,0x000000079ee80000)
  from space 8704K, 18% used [0x000000079f700000,0x000000079f88b320,0x000000079ff80000)
  to   space 8704K, 0% used [0x000000079ee80000,0x000000079ee80000,0x000000079f700000)
 ParOldGen       total 172032K, used 4812K [0x00000006c5800000, 0x00000006d0000000, 0x000000076c800000)
  object space 172032K, 2% used [0x00000006c5800000,0x00000006c5cb30b8,0x00000006d0000000)
 Metaspace       used 20672K, capacity 20908K, committed 21248K, reserved 1067008K
  class space    used 2594K, capacity 2691K, committed 2816K, reserved 1048576K
Event: 3.237 GC heap after
Heap after GC invocations=11 (full 1):
 PSYoungGen      total 834560K, used 0K [0x000000076c800000, 0x000000079ff80000, 0x00000007c0000000)
  eden space 825856K, 0% used [0x000000076c800000,0x000000076c800000,0x000000079ee80000)
  from space 8704K, 0% used [0x000000079f700000,0x000000079f700000,0x000000079ff80000)
  to   space 8704K, 0% used [0x000000079ee80000,0x000000079ee80000,0x000000079f700000)
 ParOldGen       total 93696K, used 6151K [0x00000006c5800000, 0x00000006cb380000, 0x000000076c800000)
  object space 93696K, 6% used [0x00000006c5800000,0x00000006c5e01c38,0x00000006cb380000)
 Metaspace       used 20672K, capacity 20908K, committed 21248K, reserved 1067008K
  class space    used 2594K, capacity 2691K, committed 2816K, reserved 1048576K
}
Event: 3.580 GC heap before
{Heap before GC invocations=12 (full 1):
 PSYoungGen      total 834560K, used 825682K [0x000000076c800000, 0x000000079ff80000, 0x00000007c0000000)
  eden space 825856K, 99% used [0x000000076c800000,0x000000079ee54880,0x000000079ee80000)
  from space 8704K, 0% used [0x000000079f700000,0x000000079f700000,0x000000079ff80000)
  to   space 8704K, 0% used [0x000000079ee80000,0x000000079ee80000,0x000000079f700000)
 ParOldGen       total 93696K, used 6151K [0x00000006c5800000, 0x00000006cb380000, 0x000000076c800000)
  object space 93696K, 6% used [0x00000006c5800000,0x00000006c5e01c38,0x00000006cb380000)
 Metaspace       used 20694K, capacity 20972K, committed 21504K, reserved 1069056K
  class space    used 2594K, capacity 2691K, committed 2816K, reserved 1048576K
Event: 3.582 GC heap after
Heap after GC invocations=12 (full 1):
 PSYoungGen      total 834560K, used 740K [0x000000076c800000, 0x00000007b2a00000, 0x00000007c0000000)
  eden space 825856K, 0% used [0x000000076c800000,0x000000076c800000,0x000000079ee80000)
  from space 8704K, 8% used [0x000000079ee80000,0x000000079ef390a8,0x000000079f700000)
  to   space 8704K, 0% used [0x00000007b2180000,0x00000007b2180000,0x00000007b2a00000)
 ParOldGen       total 93696K, used 6159K [0x00000006c5800000, 0x00000006cb380000, 0x000000076c800000)
  object space 93696K, 6% used [0x00000006c5800000,0x00000006c5e03c38,0x00000006cb380000)
 Metaspace       used 20694K, capacity 20972K, committed 21504K, reserved 1069056K
  class space    used 2594K, capacity 2691K, committed 2816K, reserved 1048576K
}

