# JRE version: Java(TM) SE Runtime Environment (8.0_45-b14) (build 1.8.0_45-b14)
# Java VM: Java HotSpot(TM) 64-Bit Server VM (25.45-b02 mixed mode linux-amd64 compressed oops)
Heap:
 PSYoungGen      total 730624K, used 542258K [0x000000076c800000, 0x00000007a8c80000, 0x00000007c0000000)
  eden space 721920K, 74% used [0x000000076c800000,0x000000078d62d320,0x0000000798900000)
  from space 8704K, 39% used [0x0000000798900000,0x0000000798c5f650,0x0000000799180000)
  to   space 8192K, 0% used [0x00000007a8480000,0x00000007a8480000,0x00000007a8c80000)
 ParOldGen       total 83456K, used 5021K [0x00000006c5800000, 0x00000006ca980000, 0x000000076c800000)
  object space 83456K, 6% used [0x00000006c5800000,0x00000006c5ce7478,0x00000006ca980000)
 Metaspace       used 24160K, capacity 24396K, committed 24704K, reserved 1071104K
  class space    used 3065K, capacity 3171K, committed 3200K, reserved 1048576K
GC Heap History (10 events):
Event: 2.453 GC heap before
{Heap before GC invocations=6 (full 1):
 PSYoungGen      total 268800K, used 258048K [0x000000076c800000, 0x000000077d900000, 0x00000007c0000000)
  eden space 258048K, 100% used [0x000000076c800000,0x000000077c400000,0x000000077c400000)
  from space 10752K, 0% used [0x000000077ce80000,0x000000077ce80000,0x000000077d900000)
  to   space 10752K, 0% used [0x000000077c400000,0x000000077c400000,0x000000077ce80000)
 ParOldGen       total 83456K, used 4821K [0x00000006c5800000, 0x00000006ca980000, 0x000000076c800000)
  object space 83456K, 5% used [0x00000006c5800000,0x00000006c5cb5470,0x00000006ca980000)
 Metaspace       used 20700K, capacity 20972K, committed 21504K, reserved 1069056K
  class space    used 2593K, capacity 2691K, committed 2816K, reserved 1048576K
Event: 2.456 GC heap after
Heap after GC invocations=6 (full 1):
 PSYoungGen      total 268800K, used 323K [0x000000076c800000, 0x0000000789180000, 0x00000007c0000000)
  eden space 258048K, 0% used [0x000000076c800000,0x000000076c800000,0x000000077c400000)
  from space 10752K, 3% used [0x000000077c400000,0x000000077c450dd0,0x000000077ce80000)
  to   space 8704K, 0% used [0x0000000788900000,0x0000000788900000,0x0000000789180000)
 ParOldGen       total 83456K, used 4829K [0x00000006c5800000, 0x00000006ca980000, 0x000000076c800000)
  object space 83456K, 5% used [0x00000006c5800000,0x00000006c5cb7470,0x00000006ca980000)
 Metaspace       used 20700K, capacity 20972K, committed 21504K, reserved 1069056K
  class space    used 2593K, capacity 2691K, committed 2816K, reserved 1048576K
}
Event: 2.637 GC heap before
{Heap before GC invocations=7 (full 1):
 PSYoungGen      total 268800K, used 258371K [0x000000076c800000, 0x0000000789180000, 0x00000007c0000000)
  eden space 258048K, 100% used [0x000000076c800000,0x000000077c400000,0x000000077c400000)
  from space 10752K, 3% used [0x000000077c400000,0x000000077c450dd0,0x000000077ce80000)
  to   space 8704K, 0% used [0x0000000788900000,0x0000000788900000,0x0000000789180000)
 ParOldGen       total 83456K, used 4829K [0x00000006c5800000, 0x00000006ca980000, 0x000000076c800000)
  object space 83456K, 5% used [0x00000006c5800000,0x00000006c5cb7470,0x00000006ca980000)
 Metaspace       used 20729K, capacity 20972K, committed 21504K, reserved 1069056K
  class space    used 2593K, capacity 2691K, committed 2816K, reserved 1048576K
Event: 2.640 GC heap after
Heap after GC invocations=7 (full 1):
 PSYoungGen      total 441344K, used 1458K [0x000000076c800000, 0x0000000788a80000, 0x00000007c0000000)
  eden space 439808K, 0% used [0x000000076c800000,0x000000076c800000,0x0000000787580000)
  from space 1536K, 94% used [0x0000000788900000,0x0000000788a6c830,0x0000000788a80000)
  to   space 9216K, 0% used [0x0000000787880000,0x0000000787880000,0x0000000788180000)
 ParOldGen       total 83456K, used 4837K [0x00000006c5800000, 0x00000006ca980000, 0x000000076c800000)
  object space 83456K, 5% used [0x00000006c5800000,0x00000006c5cb9470,0x00000006ca980000)
 Metaspace       used 20729K, capacity 20972K, committed 21504K, reserved 1069056K
  class space    used 2593K, capacity 2691K, committed 2816K, reserved 1048576K
}
Event: 2.924 GC heap before
{Heap before GC invocations=8 (full 1):
 PSYoungGen      total 441344K, used 441266K [0x000000076c800000, 0x0000000788a80000, 0x00000007c0000000)
  eden space 439808K, 100% used [0x000000076c800000,0x0000000787580000,0x0000000787580000)
  from space 1536K, 94% used [0x0000000788900000,0x0000000788a6c830,0x0000000788a80000)
  to   space 9216K, 0% used [0x0000000787880000,0x0000000787880000,0x0000000788180000)
 ParOldGen       total 83456K, used 4837K [0x00000006c5800000, 0x00000006ca980000, 0x000000076c800000)
  object space 83456K, 5% used [0x00000006c5800000,0x00000006c5cb9470,0x00000006ca980000)
 Metaspace       used 20745K, capacity 21036K, committed 21504K, reserved 1069056K
  class space    used 2593K, capacity 2691K, committed 2816K, reserved 1048576K
Event: 2.929 GC heap after
Heap after GC invocations=8 (full 1):
 PSYoungGen      total 452096K, used 1556K [0x000000076c800000, 0x000000079a080000, 0x00000007c0000000)
  eden space 442880K, 0% used [0x000000076c800000,0x000000076c800000,0x0000000787880000)
  from space 9216K, 16% used [0x0000000787880000,0x0000000787a052d8,0x0000000788180000)
  to   space 8704K, 0% used [0x0000000799800000,0x0000000799800000,0x000000079a080000)
 ParOldGen       total 83456K, used 4837K [0x00000006c5800000, 0x00000006ca980000, 0x000000076c800000)
  object space 83456K, 5% used [0x00000006c5800000,0x00000006c5cb9470,0x00000006ca980000)
 Metaspace       used 20745K, capacity 21036K, committed 21504K, reserved 1069056K
  class space    used 2593K, capacity 2691K, committed 2816K, reserved 1048576K
}
Event: 3.126 GC heap before
{Heap before GC invocations=9 (full 1):
 PSYoungGen      total 452096K, used 444317K [0x000000076c800000, 0x000000079a080000, 0x00000007c0000000)
  eden space 442880K, 99% used [0x000000076c800000,0x00000007878622d8,0x0000000787880000)
  from space 9216K, 16% used [0x0000000787880000,0x0000000787a052d8,0x0000000788180000)
  to   space 8704K, 0% used [0x0000000799800000,0x0000000799800000,0x000000079a080000)
 ParOldGen       total 83456K, used 4837K [0x00000006c5800000, 0x00000006ca980000, 0x000000076c800000)
  object space 83456K, 5% used [0x00000006c5800000,0x00000006c5cb9470,0x00000006ca980000)
 Metaspace       used 20745K, capacity 21036K, committed 21504K, reserved 1069056K
  class space    used 2593K, capacity 2691K, committed 2816K, reserved 1048576K
Event: 3.130 GC heap after
Heap after GC invocations=9 (full 1):
 PSYoungGen      total 718336K, used 1634K [0x000000076c800000, 0x0000000799a00000, 0x00000007c0000000)
  eden space 716288K, 0% used [0x000000076c800000,0x000000076c800000,0x0000000798380000)
  from space 2048K, 79% used [0x0000000799800000,0x00000007999989b8,0x0000000799a00000)
  to   space 8704K, 0% used [0x0000000798900000,0x0000000798900000,0x0000000799180000)
 ParOldGen       total 83456K, used 4837K [0x00000006c5800000, 0x00000006ca980000, 0x000000076c800000)
  object space 83456K, 5% used [0x00000006c5800000,0x00000006c5cb9470,0x00000006ca980000)
 Metaspace       used 20745K, capacity 21036K, committed 21504K, reserved 1069056K
  class space    used 2593K, capacity 2691K, committed 2816K, reserved 1048576K
}
Event: 3.480 GC heap before
{Heap before GC invocations=10 (full 1):
 PSYoungGen      total 718336K, used 717922K [0x000000076c800000, 0x0000000799a00000, 0x00000007c0000000)
  eden space 716288K, 100% used [0x000000076c800000,0x0000000798380000,0x0000000798380000)
  from space 2048K, 79% used [0x0000000799800000,0x00000007999989b8,0x0000000799a00000)
  to   space 8704K, 0% used [0x0000000798900000,0x0000000798900000,0x0000000799180000)
 ParOldGen       total 83456K, used 4837K [0x00000006c5800000, 0x00000006ca980000, 0x000000076c800000)
  object space 83456K, 5% used [0x00000006c5800000,0x00000006c5cb9470,0x00000006ca980000)
 Metaspace       used 20746K, capacity 21036K, committed 21504K, reserved 1069056K
  class space    used 2594K, capacity 2691K, committed 2816K, reserved 1048576K
Event: 3.489 GC heap after
Heap after GC invocations=10 (full 1):
 PSYoungGen      total 730624K, used 3453K [0x000000076c800000, 0x00000007a8c80000, 0x00000007c0000000)
  eden space 721920K, 0% used [0x000000076c800000,0x000000076c800000,0x0000000798900000)
  from space 8704K, 39% used [0x0000000798900000,0x0000000798c5f650,0x0000000799180000)
  to   space 8192K, 0% used [0x00000007a8480000,0x00000007a8480000,0x00000007a8c80000)
 ParOldGen       total 83456K, used 5021K [0x00000006c5800000, 0x00000006ca980000, 0x000000076c800000)
  object space 83456K, 6% used [0x00000006c5800000,0x00000006c5ce7478,0x00000006ca980000)
 Metaspace       used 20746K, capacity 21036K, committed 21504K, reserved 1069056K
  class space    used 2594K, capacity 2691K, committed 2816K, reserved 1048576K
}

